{"/home/nanchang/xw/frontend/src/App.jsx": {"path":"/home/nanchang/xw/frontend/src/App.jsx","statementMap":{"0":{"start":{"line":12,"column":39},"end":{"line":12,"column":48}},"1":{"start":{"line":14,"column":2},"end":{"line":14,"column":72}},"2":{"start":{"line":16,"column":2},"end":{"line":18,"column":3}},"3":{"start":{"line":17,"column":4},"end":{"line":17,"column":29}},"4":{"start":{"line":20,"column":2},"end":{"line":20,"column":71}},"5":{"start":{"line":25,"column":2},"end":{"line":37,"column":4}},"6":{"start":{"line":42,"column":2},"end":{"line":50,"column":4}},"7":{"start":{"line":54,"column":2},"end":{"line":60,"column":4}}},"fnMap":{"0":{"name":"ProtectedRoute","decl":{"start":{"line":11,"column":9},"end":{"line":11,"column":23}},"loc":{"start":{"line":11,"column":38},"end":{"line":21,"column":1}},"line":11},"1":{"name":"AppRoutes","decl":{"start":{"line":24,"column":16},"end":{"line":24,"column":25}},"loc":{"start":{"line":24,"column":28},"end":{"line":38,"column":1}},"line":24},"2":{"name":"AppProviders","decl":{"start":{"line":41,"column":16},"end":{"line":41,"column":28}},"loc":{"start":{"line":41,"column":43},"end":{"line":51,"column":1}},"line":41},"3":{"name":"App","decl":{"start":{"line":53,"column":9},"end":{"line":53,"column":12}},"loc":{"start":{"line":53,"column":15},"end":{"line":61,"column":1}},"line":53}},"branchMap":{"0":{"loc":{"start":{"line":16,"column":2},"end":{"line":18,"column":3}},"type":"if","locations":[{"start":{"line":16,"column":2},"end":{"line":18,"column":3}},{"start":{},"end":{}}],"line":16},"1":{"loc":{"start":{"line":20,"column":9},"end":{"line":20,"column":70}},"type":"cond-expr","locations":[{"start":{"line":20,"column":27},"end":{"line":20,"column":35}},{"start":{"line":20,"column":38},"end":{"line":20,"column":70}}],"line":20}},"s":{"0":2,"1":2,"2":2,"3":1,"4":1,"5":3,"6":3,"7":41},"f":{"0":2,"1":3,"2":3,"3":41},"b":{"0":[1,1],"1":[0,1]},"_coverageSchema":"1a1c01bbd47fc00a2c39e90264f33305004495a9","hash":"e7990d180752fb3d49c9d8e33c4a132bcf03e827"}
,"/home/nanchang/xw/frontend/src/components/ThemeToggle.jsx": {"path":"/home/nanchang/xw/frontend/src/components/ThemeToggle.jsx","statementMap":{"0":{"start":{"line":7,"column":30},"end":{"line":7,"column":40}},"1":{"start":{"line":8,"column":2},"end":{"line":18,"column":4}},"2":{"start":{"line":13,"column":29},"end":{"line":13,"column":75}}},"fnMap":{"0":{"name":"ThemeToggle","decl":{"start":{"line":6,"column":9},"end":{"line":6,"column":20}},"loc":{"start":{"line":6,"column":23},"end":{"line":19,"column":1}},"line":6},"1":{"name":"(anonymous_1)","decl":{"start":{"line":13,"column":18},"end":{"line":13,"column":19}},"loc":{"start":{"line":13,"column":29},"end":{"line":13,"column":75}},"line":13}},"branchMap":{"0":{"loc":{"start":{"line":13,"column":38},"end":{"line":13,"column":74}},"type":"cond-expr","locations":[{"start":{"line":13,"column":48},"end":{"line":13,"column":59}},{"start":{"line":13,"column":62},"end":{"line":13,"column":74}}],"line":13}},"s":{"0":14,"1":14,"2":2},"f":{"0":14,"1":2},"b":{"0":[1,1]},"_coverageSchema":"1a1c01bbd47fc00a2c39e90264f33305004495a9","hash":"7ddc5af3b2c1ce103191e4a9f06e84ae5d2ea806"}
,"/home/nanchang/xw/frontend/src/components/Layout/AppLayout.jsx": {"path":"/home/nanchang/xw/frontend/src/components/Layout/AppLayout.jsx","statementMap":{"0":{"start":{"line":10,"column":18},"end":{"line":36,"column":1}},"1":{"start":{"line":11,"column":2},"end":{"line":35,"column":4}},"2":{"start":{"line":38,"column":0},"end":{"line":42,"column":2}}},"fnMap":{"0":{"name":"(anonymous_0)","decl":{"start":{"line":10,"column":18},"end":{"line":10,"column":19}},"loc":{"start":{"line":10,"column":75},"end":{"line":36,"column":1}},"line":10}},"branchMap":{"0":{"loc":{"start":{"line":10,"column":31},"end":{"line":10,"column":48}},"type":"default-arg","locations":[{"start":{"line":10,"column":44},"end":{"line":10,"column":48}}],"line":10},"1":{"loc":{"start":{"line":10,"column":50},"end":{"line":10,"column":68}},"type":"default-arg","locations":[{"start":{"line":10,"column":63},"end":{"line":10,"column":68}}],"line":10},"2":{"loc":{"start":{"line":13,"column":7},"end":{"line":21,"column":7}},"type":"binary-expr","locations":[{"start":{"line":13,"column":7},"end":{"line":13,"column":17}},{"start":{"line":14,"column":8},"end":{"line":20,"column":17}}],"line":13},"3":{"loc":{"start":{"line":27,"column":7},"end":{"line":33,"column":7}},"type":"binary-expr","locations":[{"start":{"line":27,"column":7},"end":{"line":27,"column":17}},{"start":{"line":28,"column":8},"end":{"line":32,"column":17}}],"line":27}},"s":{"0":1,"1":9,"2":1},"f":{"0":9},"b":{"0":[9],"1":[9],"2":[9,9],"3":[9,0]},"_coverageSchema":"1a1c01bbd47fc00a2c39e90264f33305004495a9","hash":"a0d9acbfdbf5a9ccdb5429e1e74e584593127967"}
,"/home/nanchang/xw/frontend/src/components/StatusBar/StatusBar.jsx": {"path":"/home/nanchang/xw/frontend/src/components/StatusBar/StatusBar.jsx","statementMap":{"0":{"start":{"line":8,"column":23},"end":{"line":18,"column":1}},"1":{"start":{"line":22,"column":2},"end":{"line":43,"column":3}},"2":{"start":{"line":24,"column":6},"end":{"line":24,"column":27}},"3":{"start":{"line":27,"column":6},"end":{"line":27,"column":23}},"4":{"start":{"line":30,"column":6},"end":{"line":30,"column":27}},"5":{"start":{"line":32,"column":6},"end":{"line":32,"column":26}},"6":{"start":{"line":34,"column":6},"end":{"line":34,"column":23}},"7":{"start":{"line":36,"column":6},"end":{"line":36,"column":20}},"8":{"start":{"line":38,"column":6},"end":{"line":38,"column":24}},"9":{"start":{"line":40,"column":6},"end":{"line":40,"column":20}},"10":{"start":{"line":42,"column":6},"end":{"line":42,"column":20}},"11":{"start":{"line":47,"column":35},"end":{"line":47,"column":47}},"12":{"start":{"line":48,"column":19},"end":{"line":48,"column":45}},"13":{"start":{"line":50,"column":2},"end":{"line":70,"column":4}}},"fnMap":{"0":{"name":"getDefaultMessage","decl":{"start":{"line":21,"column":9},"end":{"line":21,"column":26}},"loc":{"start":{"line":21,"column":34},"end":{"line":44,"column":1}},"line":21},"1":{"name":"StatusBar","decl":{"start":{"line":46,"column":9},"end":{"line":46,"column":18}},"loc":{"start":{"line":46,"column":21},"end":{"line":71,"column":1}},"line":46}},"branchMap":{"0":{"loc":{"start":{"line":22,"column":2},"end":{"line":43,"column":3}},"type":"switch","locations":[{"start":{"line":23,"column":4},"end":{"line":24,"column":27}},{"start":{"line":25,"column":4},"end":{"line":25,"column":21}},{"start":{"line":26,"column":4},"end":{"line":27,"column":23}},{"start":{"line":28,"column":4},"end":{"line":28,"column":22}},{"start":{"line":29,"column":4},"end":{"line":30,"column":27}},{"start":{"line":31,"column":4},"end":{"line":32,"column":26}},{"start":{"line":33,"column":4},"end":{"line":34,"column":23}},{"start":{"line":35,"column":4},"end":{"line":36,"column":20}},{"start":{"line":37,"column":4},"end":{"line":38,"column":24}},{"start":{"line":39,"column":4},"end":{"line":40,"column":20}},{"start":{"line":41,"column":4},"end":{"line":42,"column":20}}],"line":22},"1":{"loc":{"start":{"line":48,"column":19},"end":{"line":48,"column":45}},"type":"binary-expr","locations":[{"start":{"line":48,"column":19},"end":{"line":48,"column":40}},{"start":{"line":48,"column":44},"end":{"line":48,"column":45}}],"line":48},"2":{"loc":{"start":{"line":52,"column":40},"end":{"line":52,"column":66}},"type":"cond-expr","locations":[{"start":{"line":52,"column":48},"end":{"line":52,"column":61}},{"start":{"line":52,"column":64},"end":{"line":52,"column":66}}],"line":52},"3":{"loc":{"start":{"line":62,"column":28},"end":{"line":62,"column":94}},"type":"cond-expr","locations":[{"start":{"line":62,"column":47},"end":{"line":62,"column":69}},{"start":{"line":62,"column":72},"end":{"line":62,"column":94}}],"line":62},"4":{"loc":{"start":{"line":67,"column":9},"end":{"line":67,"column":50}},"type":"binary-expr","locations":[{"start":{"line":67,"column":9},"end":{"line":67,"column":22}},{"start":{"line":67,"column":26},"end":{"line":67,"column":50}}],"line":67}},"s":{"0":2,"1":33,"2":14,"3":9,"4":1,"5":1,"6":1,"7":1,"8":3,"9":3,"10":0,"11":35,"12":35,"13":35},"f":{"0":33,"1":35},"b":{"0":[14,2,9,1,1,1,1,1,3,3,0],"1":[35,21],"2":[35,0],"3":[1,34],"4":[35,33]},"_coverageSchema":"1a1c01bbd47fc00a2c39e90264f33305004495a9","hash":"8be9ba8a558f041ec4c19667966a4faf77aa916b"}
,"/home/nanchang/xw/frontend/src/components/VoiceRecorder/VoiceRecorder.jsx": {"path":"/home/nanchang/xw/frontend/src/components/VoiceRecorder/VoiceRecorder.jsx","statementMap":{"0":{"start":{"line":8,"column":93},"end":{"line":8,"column":103}},"1":{"start":{"line":9,"column":23},"end":{"line":9,"column":35}},"2":{"start":{"line":11,"column":32},"end":{"line":22,"column":3}},"3":{"start":{"line":12,"column":4},"end":{"line":21,"column":5}},"4":{"start":{"line":13,"column":19},"end":{"line":13,"column":34}},"5":{"start":{"line":14,"column":6},"end":{"line":17,"column":7}},"6":{"start":{"line":15,"column":8},"end":{"line":15,"column":26}},"7":{"start":{"line":16,"column":8},"end":{"line":16,"column":27}},"8":{"start":{"line":19,"column":6},"end":{"line":19,"column":28}},"9":{"start":{"line":20,"column":6},"end":{"line":20,"column":29}},"10":{"start":{"line":24,"column":2},"end":{"line":50,"column":4}}},"fnMap":{"0":{"name":"VoiceRecorder","decl":{"start":{"line":7,"column":9},"end":{"line":7,"column":22}},"loc":{"start":{"line":7,"column":41},"end":{"line":51,"column":1}},"line":7},"1":{"name":"(anonymous_1)","decl":{"start":{"line":11,"column":32},"end":{"line":11,"column":33}},"loc":{"start":{"line":11,"column":44},"end":{"line":22,"column":3}},"line":11}},"branchMap":{"0":{"loc":{"start":{"line":12,"column":4},"end":{"line":21,"column":5}},"type":"if","locations":[{"start":{"line":12,"column":4},"end":{"line":21,"column":5}},{"start":{"line":18,"column":11},"end":{"line":21,"column":5}}],"line":12},"1":{"loc":{"start":{"line":14,"column":6},"end":{"line":17,"column":7}},"type":"if","locations":[{"start":{"line":14,"column":6},"end":{"line":17,"column":7}},{"start":{},"end":{}}],"line":14},"2":{"loc":{"start":{"line":14,"column":10},"end":{"line":14,"column":30}},"type":"binary-expr","locations":[{"start":{"line":14,"column":10},"end":{"line":14,"column":14}},{"start":{"line":14,"column":18},"end":{"line":14,"column":30}}],"line":14},"3":{"loc":{"start":{"line":27,"column":45},"end":{"line":27,"column":80}},"type":"cond-expr","locations":[{"start":{"line":27,"column":59},"end":{"line":27,"column":75}},{"start":{"line":27,"column":78},"end":{"line":27,"column":80}}],"line":27},"4":{"loc":{"start":{"line":33,"column":20},"end":{"line":33,"column":49}},"type":"cond-expr","locations":[{"start":{"line":33,"column":34},"end":{"line":33,"column":40}},{"start":{"line":33,"column":43},"end":{"line":33,"column":49}}],"line":33},"5":{"loc":{"start":{"line":35,"column":9},"end":{"line":35,"column":34}},"type":"cond-expr","locations":[{"start":{"line":35,"column":23},"end":{"line":35,"column":27}},{"start":{"line":35,"column":30},"end":{"line":35,"column":34}}],"line":35},"6":{"loc":{"start":{"line":38,"column":7},"end":{"line":42,"column":7}},"type":"binary-expr","locations":[{"start":{"line":38,"column":7},"end":{"line":38,"column":17}},{"start":{"line":39,"column":8},"end":{"line":41,"column":14}}],"line":38},"7":{"loc":{"start":{"line":44,"column":7},"end":{"line":48,"column":7}},"type":"binary-expr","locations":[{"start":{"line":44,"column":7},"end":{"line":44,"column":12}},{"start":{"line":45,"column":8},"end":{"line":47,"column":14}}],"line":44}},"s":{"0":55,"1":55,"2":55,"3":20,"4":5,"5":5,"6":2,"7":2,"8":15,"9":15,"10":55},"f":{"0":55,"1":20},"b":{"0":[5,15],"1":[2,3],"2":[5,3],"3":[14,41],"4":[14,41],"5":[14,41],"6":[55,12],"7":[55,6]},"_coverageSchema":"1a1c01bbd47fc00a2c39e90264f33305004495a9","hash":"13efe71e83a5baa8ea9892f869805ba17cde1935"}
,"/home/nanchang/xw/frontend/src/components/common/Button.jsx": {"path":"/home/nanchang/xw/frontend/src/components/common/Button.jsx","statementMap":{"0":{"start":{"line":10,"column":15},"end":{"line":44,"column":2}},"1":{"start":{"line":24,"column":22},"end":{"line":37,"column":3}},"2":{"start":{"line":39,"column":2},"end":{"line":43,"column":4}},"3":{"start":{"line":46,"column":0},"end":{"line":46,"column":30}},"4":{"start":{"line":48,"column":0},"end":{"line":60,"column":2}}},"fnMap":{"0":{"name":"(anonymous_0)","decl":{"start":{"line":10,"column":32},"end":{"line":10,"column":33}},"loc":{"start":{"line":23,"column":11},"end":{"line":44,"column":1}},"line":23}},"branchMap":{"0":{"loc":{"start":{"line":12,"column":2},"end":{"line":12,"column":21}},"type":"default-arg","locations":[{"start":{"line":12,"column":12},"end":{"line":12,"column":21}}],"line":12},"1":{"loc":{"start":{"line":13,"column":2},"end":{"line":13,"column":17}},"type":"default-arg","locations":[{"start":{"line":13,"column":9},"end":{"line":13,"column":17}}],"line":13},"2":{"loc":{"start":{"line":14,"column":2},"end":{"line":14,"column":18}},"type":"default-arg","locations":[{"start":{"line":14,"column":13},"end":{"line":14,"column":18}}],"line":14},"3":{"loc":{"start":{"line":15,"column":2},"end":{"line":15,"column":17}},"type":"default-arg","locations":[{"start":{"line":15,"column":12},"end":{"line":15,"column":17}}],"line":15},"4":{"loc":{"start":{"line":16,"column":2},"end":{"line":16,"column":15}},"type":"default-arg","locations":[{"start":{"line":16,"column":10},"end":{"line":16,"column":15}}],"line":16},"5":{"loc":{"start":{"line":17,"column":2},"end":{"line":17,"column":19}},"type":"default-arg","locations":[{"start":{"line":17,"column":10},"end":{"line":17,"column":19}}],"line":17},"6":{"loc":{"start":{"line":19,"column":2},"end":{"line":19,"column":17}},"type":"default-arg","locations":[{"start":{"line":19,"column":9},"end":{"line":19,"column":17}}],"line":19},"7":{"loc":{"start":{"line":20,"column":2},"end":{"line":20,"column":16}},"type":"default-arg","locations":[{"start":{"line":20,"column":14},"end":{"line":20,"column":16}}],"line":20}},"s":{"0":0,"1":0,"2":0,"3":0,"4":0},"f":{"0":0},"b":{"0":[0],"1":[0],"2":[0],"3":[0],"4":[0],"5":[0],"6":[0],"7":[0]}}
,"/home/nanchang/xw/frontend/src/contexts/AuthContext.jsx": {"path":"/home/nanchang/xw/frontend/src/contexts/AuthContext.jsx","statementMap":{"0":{"start":{"line":5,"column":21},"end":{"line":12,"column":1}},"1":{"start":{"line":15,"column":20},"end":{"line":21,"column":1}},"2":{"start":{"line":25,"column":2},"end":{"line":60,"column":3}},"3":{"start":{"line":27,"column":6},"end":{"line":27,"column":54}},"4":{"start":{"line":29,"column":6},"end":{"line":37,"column":8}},"5":{"start":{"line":39,"column":6},"end":{"line":47,"column":8}},"6":{"start":{"line":49,"column":6},"end":{"line":52,"column":8}},"7":{"start":{"line":54,"column":6},"end":{"line":57,"column":8}},"8":{"start":{"line":59,"column":6},"end":{"line":59,"column":19}},"9":{"start":{"line":64,"column":20},"end":{"line":64,"column":35}},"10":{"start":{"line":68,"column":28},"end":{"line":68,"column":65}},"11":{"start":{"line":71,"column":2},"end":{"line":95,"column":9}},"12":{"start":{"line":72,"column":4},"end":{"line":72,"column":75}},"13":{"start":{"line":74,"column":18},"end":{"line":74,"column":52}},"14":{"start":{"line":75,"column":19},"end":{"line":75,"column":50}},"15":{"start":{"line":76,"column":21},"end":{"line":76,"column":53}},"16":{"start":{"line":77,"column":17},"end":{"line":77,"column":50}},"17":{"start":{"line":79,"column":4},"end":{"line":79,"column":108}},"18":{"start":{"line":81,"column":4},"end":{"line":94,"column":5}},"19":{"start":{"line":82,"column":6},"end":{"line":82,"column":54}},"20":{"start":{"line":83,"column":6},"end":{"line":90,"column":9}},"21":{"start":{"line":92,"column":6},"end":{"line":92,"column":56}},"22":{"start":{"line":93,"column":6},"end":{"line":93,"column":45}},"23":{"start":{"line":98,"column":20},"end":{"line":135,"column":3}},"24":{"start":{"line":99,"column":4},"end":{"line":99,"column":51}},"25":{"start":{"line":100,"column":4},"end":{"line":100,"column":50}},"26":{"start":{"line":102,"column":4},"end":{"line":134,"column":5}},"27":{"start":{"line":103,"column":6},"end":{"line":103,"column":45}},"28":{"start":{"line":104,"column":23},"end":{"line":104,"column":54}},"29":{"start":{"line":105,"column":6},"end":{"line":105,"column":55}},"30":{"start":{"line":108,"column":6},"end":{"line":108,"column":64}},"31":{"start":{"line":109,"column":6},"end":{"line":109,"column":56}},"32":{"start":{"line":110,"column":6},"end":{"line":110,"column":58}},"33":{"start":{"line":111,"column":6},"end":{"line":111,"column":55}},"34":{"start":{"line":113,"column":6},"end":{"line":113,"column":51}},"35":{"start":{"line":115,"column":6},"end":{"line":122,"column":9}},"36":{"start":{"line":124,"column":6},"end":{"line":124,"column":50}},"37":{"start":{"line":125,"column":6},"end":{"line":125,"column":22}},"38":{"start":{"line":127,"column":6},"end":{"line":127,"column":46}},"39":{"start":{"line":128,"column":6},"end":{"line":131,"column":9}},"40":{"start":{"line":133,"column":6},"end":{"line":133,"column":18}},"41":{"start":{"line":138,"column":27},"end":{"line":154,"column":3}},"42":{"start":{"line":139,"column":4},"end":{"line":153,"column":5}},"43":{"start":{"line":140,"column":23},"end":{"line":140,"column":43}},"44":{"start":{"line":142,"column":6},"end":{"line":142,"column":64}},"45":{"start":{"line":144,"column":6},"end":{"line":147,"column":9}},"46":{"start":{"line":149,"column":6},"end":{"line":149,"column":35}},"47":{"start":{"line":151,"column":6},"end":{"line":151,"column":45}},"48":{"start":{"line":152,"column":6},"end":{"line":152,"column":18}},"49":{"start":{"line":157,"column":21},"end":{"line":164,"column":3}},"50":{"start":{"line":158,"column":4},"end":{"line":158,"column":42}},"51":{"start":{"line":159,"column":4},"end":{"line":159,"column":39}},"52":{"start":{"line":160,"column":4},"end":{"line":160,"column":40}},"53":{"start":{"line":161,"column":4},"end":{"line":161,"column":41}},"54":{"start":{"line":163,"column":4},"end":{"line":163,"column":43}},"55":{"start":{"line":166,"column":16},"end":{"line":171,"column":3}},"56":{"start":{"line":173,"column":2},"end":{"line":177,"column":4}},"57":{"start":{"line":182,"column":18},"end":{"line":182,"column":41}},"58":{"start":{"line":183,"column":2},"end":{"line":185,"column":3}},"59":{"start":{"line":184,"column":4},"end":{"line":184,"column":67}},"60":{"start":{"line":186,"column":2},"end":{"line":186,"column":17}}},"fnMap":{"0":{"name":"authReducer","decl":{"start":{"line":24,"column":9},"end":{"line":24,"column":20}},"loc":{"start":{"line":24,"column":36},"end":{"line":61,"column":1}},"line":24},"1":{"name":"AuthProvider","decl":{"start":{"line":67,"column":16},"end":{"line":67,"column":28}},"loc":{"start":{"line":67,"column":43},"end":{"line":178,"column":1}},"line":67},"2":{"name":"(anonymous_2)","decl":{"start":{"line":71,"column":12},"end":{"line":71,"column":13}},"loc":{"start":{"line":71,"column":18},"end":{"line":95,"column":3}},"line":71},"3":{"name":"(anonymous_3)","decl":{"start":{"line":98,"column":20},"end":{"line":98,"column":21}},"loc":{"start":{"line":98,"column":50},"end":{"line":135,"column":3}},"line":98},"4":{"name":"(anonymous_4)","decl":{"start":{"line":138,"column":27},"end":{"line":138,"column":28}},"loc":{"start":{"line":138,"column":39},"end":{"line":154,"column":3}},"line":138},"5":{"name":"(anonymous_5)","decl":{"start":{"line":157,"column":21},"end":{"line":157,"column":22}},"loc":{"start":{"line":157,"column":27},"end":{"line":164,"column":3}},"line":157},"6":{"name":"useAuth","decl":{"start":{"line":181,"column":16},"end":{"line":181,"column":23}},"loc":{"start":{"line":181,"column":26},"end":{"line":187,"column":1}},"line":181}},"branchMap":{"0":{"loc":{"start":{"line":25,"column":2},"end":{"line":60,"column":3}},"type":"switch","locations":[{"start":{"line":26,"column":4},"end":{"line":27,"column":54}},{"start":{"line":28,"column":4},"end":{"line":37,"column":8}},{"start":{"line":38,"column":4},"end":{"line":47,"column":8}},{"start":{"line":48,"column":4},"end":{"line":52,"column":8}},{"start":{"line":53,"column":4},"end":{"line":57,"column":8}},{"start":{"line":58,"column":4},"end":{"line":59,"column":19}}],"line":25},"1":{"loc":{"start":{"line":79,"column":54},"end":{"line":79,"column":80}},"type":"cond-expr","locations":[{"start":{"line":79,"column":62},"end":{"line":79,"column":71}},{"start":{"line":79,"column":74},"end":{"line":79,"column":80}}],"line":79},"2":{"loc":{"start":{"line":81,"column":4},"end":{"line":94,"column":5}},"type":"if","locations":[{"start":{"line":81,"column":4},"end":{"line":94,"column":5}},{"start":{"line":91,"column":11},"end":{"line":94,"column":5}}],"line":81},"3":{"loc":{"start":{"line":81,"column":8},"end":{"line":81,"column":35}},"type":"binary-expr","locations":[{"start":{"line":81,"column":8},"end":{"line":81,"column":13}},{"start":{"line":81,"column":17},"end":{"line":81,"column":23}},{"start":{"line":81,"column":27},"end":{"line":81,"column":35}}],"line":81},"4":{"loc":{"start":{"line":183,"column":2},"end":{"line":185,"column":3}},"type":"if","locations":[{"start":{"line":183,"column":2},"end":{"line":185,"column":3}},{"start":{},"end":{}}],"line":183}},"s":{"0":3,"1":3,"2":29,"3":1,"4":0,"5":1,"6":27,"7":0,"8":0,"9":3,"10":55,"11":55,"12":27,"13":27,"14":27,"15":27,"16":27,"17":27,"18":27,"19":0,"20":0,"21":27,"22":27,"23":55,"24":2,"25":2,"26":2,"27":2,"28":2,"29":2,"30":2,"31":0,"32":0,"33":0,"34":0,"35":0,"36":0,"37":0,"38":2,"39":2,"40":2,"41":55,"42":0,"43":0,"44":0,"45":0,"46":0,"47":0,"48":0,"49":55,"50":0,"51":0,"52":0,"53":0,"54":0,"55":55,"56":55,"57":27,"58":27,"59":0,"60":27},"f":{"0":29,"1":55,"2":27,"3":2,"4":0,"5":0,"6":27},"b":{"0":[1,0,1,27,0,0],"1":[0,27],"2":[0,27],"3":[27,0,0],"4":[0,27]},"_coverageSchema":"1a1c01bbd47fc00a2c39e90264f33305004495a9","hash":"40e4788e3b668a385860ef04168b5a22fc00ce28"}
,"/home/nanchang/xw/frontend/src/contexts/SessionContext.jsx": {"path":"/home/nanchang/xw/frontend/src/contexts/SessionContext.jsx","statementMap":{"0":{"start":{"line":4,"column":21},"end":{"line":12,"column":1}},"1":{"start":{"line":15,"column":20},"end":{"line":24,"column":1}},"2":{"start":{"line":28,"column":2},"end":{"line":47,"column":3}},"3":{"start":{"line":30,"column":6},"end":{"line":30,"column":53}},"4":{"start":{"line":32,"column":6},"end":{"line":32,"column":49}},"5":{"start":{"line":34,"column":6},"end":{"line":34,"column":57}},"6":{"start":{"line":36,"column":6},"end":{"line":36,"column":53}},"7":{"start":{"line":38,"column":6},"end":{"line":38,"column":55}},"8":{"start":{"line":40,"column":6},"end":{"line":40,"column":50}},"9":{"start":{"line":42,"column":6},"end":{"line":42,"column":49}},"10":{"start":{"line":44,"column":6},"end":{"line":44,"column":61}},"11":{"start":{"line":46,"column":6},"end":{"line":46,"column":19}},"12":{"start":{"line":51,"column":23},"end":{"line":51,"column":38}},"13":{"start":{"line":55,"column":28},"end":{"line":55,"column":68}},"14":{"start":{"line":58,"column":23},"end":{"line":58,"column":104}},"15":{"start":{"line":58,"column":38},"end":{"line":58,"column":104}},"16":{"start":{"line":59,"column":19},"end":{"line":59,"column":87}},"17":{"start":{"line":59,"column":30},"end":{"line":59,"column":87}},"18":{"start":{"line":60,"column":27},"end":{"line":60,"column":108}},"19":{"start":{"line":60,"column":40},"end":{"line":60,"column":108}},"20":{"start":{"line":61,"column":23},"end":{"line":61,"column":104}},"21":{"start":{"line":61,"column":38},"end":{"line":61,"column":104}},"22":{"start":{"line":62,"column":25},"end":{"line":62,"column":98}},"23":{"start":{"line":62,"column":35},"end":{"line":62,"column":98}},"24":{"start":{"line":63,"column":20},"end":{"line":63,"column":91}},"25":{"start":{"line":63,"column":32},"end":{"line":63,"column":91}},"26":{"start":{"line":64,"column":19},"end":{"line":64,"column":87}},"27":{"start":{"line":64,"column":30},"end":{"line":64,"column":87}},"28":{"start":{"line":65,"column":16},"end":{"line":65,"column":59}},"29":{"start":{"line":65,"column":22},"end":{"line":65,"column":59}},"30":{"start":{"line":67,"column":16},"end":{"line":77,"column":3}},"31":{"start":{"line":79,"column":2},"end":{"line":83,"column":4}},"32":{"start":{"line":88,"column":18},"end":{"line":88,"column":44}},"33":{"start":{"line":89,"column":2},"end":{"line":91,"column":3}},"34":{"start":{"line":90,"column":4},"end":{"line":90,"column":72}},"35":{"start":{"line":92,"column":2},"end":{"line":92,"column":17}}},"fnMap":{"0":{"name":"sessionReducer","decl":{"start":{"line":27,"column":9},"end":{"line":27,"column":23}},"loc":{"start":{"line":27,"column":39},"end":{"line":48,"column":1}},"line":27},"1":{"name":"SessionProvider","decl":{"start":{"line":54,"column":16},"end":{"line":54,"column":31}},"loc":{"start":{"line":54,"column":46},"end":{"line":84,"column":1}},"line":54},"2":{"name":"(anonymous_2)","decl":{"start":{"line":58,"column":23},"end":{"line":58,"column":24}},"loc":{"start":{"line":58,"column":38},"end":{"line":58,"column":104}},"line":58},"3":{"name":"(anonymous_3)","decl":{"start":{"line":59,"column":19},"end":{"line":59,"column":20}},"loc":{"start":{"line":59,"column":30},"end":{"line":59,"column":87}},"line":59},"4":{"name":"(anonymous_4)","decl":{"start":{"line":60,"column":27},"end":{"line":60,"column":28}},"loc":{"start":{"line":60,"column":40},"end":{"line":60,"column":108}},"line":60},"5":{"name":"(anonymous_5)","decl":{"start":{"line":61,"column":23},"end":{"line":61,"column":24}},"loc":{"start":{"line":61,"column":38},"end":{"line":61,"column":104}},"line":61},"6":{"name":"(anonymous_6)","decl":{"start":{"line":62,"column":25},"end":{"line":62,"column":26}},"loc":{"start":{"line":62,"column":35},"end":{"line":62,"column":98}},"line":62},"7":{"name":"(anonymous_7)","decl":{"start":{"line":63,"column":20},"end":{"line":63,"column":21}},"loc":{"start":{"line":63,"column":32},"end":{"line":63,"column":91}},"line":63},"8":{"name":"(anonymous_8)","decl":{"start":{"line":64,"column":19},"end":{"line":64,"column":20}},"loc":{"start":{"line":64,"column":30},"end":{"line":64,"column":87}},"line":64},"9":{"name":"(anonymous_9)","decl":{"start":{"line":65,"column":16},"end":{"line":65,"column":17}},"loc":{"start":{"line":65,"column":22},"end":{"line":65,"column":59}},"line":65},"10":{"name":"useSession","decl":{"start":{"line":87,"column":16},"end":{"line":87,"column":26}},"loc":{"start":{"line":87,"column":29},"end":{"line":93,"column":1}},"line":87}},"branchMap":{"0":{"loc":{"start":{"line":28,"column":2},"end":{"line":47,"column":3}},"type":"switch","locations":[{"start":{"line":29,"column":4},"end":{"line":30,"column":53}},{"start":{"line":31,"column":4},"end":{"line":32,"column":49}},{"start":{"line":33,"column":4},"end":{"line":34,"column":57}},{"start":{"line":35,"column":4},"end":{"line":36,"column":53}},{"start":{"line":37,"column":4},"end":{"line":38,"column":55}},{"start":{"line":39,"column":4},"end":{"line":40,"column":50}},{"start":{"line":41,"column":4},"end":{"line":42,"column":49}},{"start":{"line":43,"column":4},"end":{"line":44,"column":61}},{"start":{"line":45,"column":4},"end":{"line":46,"column":19}}],"line":28},"1":{"loc":{"start":{"line":89,"column":2},"end":{"line":91,"column":3}},"type":"if","locations":[{"start":{"line":89,"column":2},"end":{"line":91,"column":3}},{"start":{},"end":{}}],"line":89}},"s":{"0":6,"1":6,"2":39,"3":3,"4":22,"5":6,"6":1,"7":2,"8":1,"9":3,"10":1,"11":0,"12":6,"13":93,"14":93,"15":3,"16":93,"17":22,"18":93,"19":6,"20":93,"21":1,"22":93,"23":2,"24":93,"25":1,"26":93,"27":3,"28":93,"29":1,"30":93,"31":93,"32":142,"33":137,"34":4,"35":133},"f":{"0":39,"1":93,"2":3,"3":22,"4":6,"5":1,"6":2,"7":1,"8":3,"9":1,"10":142},"b":{"0":[3,22,6,1,2,1,3,1,0],"1":[4,133]},"_coverageSchema":"1a1c01bbd47fc00a2c39e90264f33305004495a9","hash":"9cf8b2c539491f1558d58df708a0df63efb16c49"}
,"/home/nanchang/xw/frontend/src/contexts/ThemeContext.jsx": {"path":"/home/nanchang/xw/frontend/src/contexts/ThemeContext.jsx","statementMap":{"0":{"start":{"line":3,"column":15},"end":{"line":6,"column":1}},"1":{"start":{"line":8,"column":21},"end":{"line":11,"column":2}},"2":{"start":{"line":14,"column":28},"end":{"line":21,"column":4}},"3":{"start":{"line":15,"column":23},"end":{"line":15,"column":52}},"4":{"start":{"line":17,"column":4},"end":{"line":19,"column":5}},"5":{"start":{"line":18,"column":6},"end":{"line":18,"column":24}},"6":{"start":{"line":20,"column":4},"end":{"line":20,"column":23}},"7":{"start":{"line":23,"column":22},"end":{"line":25,"column":3}},"8":{"start":{"line":24,"column":4},"end":{"line":24,"column":78}},"9":{"start":{"line":24,"column":24},"end":{"line":24,"column":76}},"10":{"start":{"line":27,"column":2},"end":{"line":30,"column":14}},"11":{"start":{"line":28,"column":4},"end":{"line":28,"column":63}},"12":{"start":{"line":29,"column":4},"end":{"line":29,"column":41}},"13":{"start":{"line":32,"column":2},"end":{"line":36,"column":4}},"14":{"start":{"line":40,"column":2},"end":{"line":40,"column":34}}},"fnMap":{"0":{"name":"(anonymous_0)","decl":{"start":{"line":10,"column":12},"end":{"line":10,"column":13}},"loc":{"start":{"line":10,"column":18},"end":{"line":10,"column":20}},"line":10},"1":{"name":"ThemeProvider","decl":{"start":{"line":13,"column":16},"end":{"line":13,"column":29}},"loc":{"start":{"line":13,"column":44},"end":{"line":37,"column":1}},"line":13},"2":{"name":"(anonymous_2)","decl":{"start":{"line":14,"column":37},"end":{"line":14,"column":38}},"loc":{"start":{"line":14,"column":43},"end":{"line":21,"column":3}},"line":14},"3":{"name":"(anonymous_3)","decl":{"start":{"line":23,"column":22},"end":{"line":23,"column":23}},"loc":{"start":{"line":23,"column":28},"end":{"line":25,"column":3}},"line":23},"4":{"name":"(anonymous_4)","decl":{"start":{"line":24,"column":13},"end":{"line":24,"column":14}},"loc":{"start":{"line":24,"column":24},"end":{"line":24,"column":76}},"line":24},"5":{"name":"(anonymous_5)","decl":{"start":{"line":27,"column":12},"end":{"line":27,"column":13}},"loc":{"start":{"line":27,"column":18},"end":{"line":30,"column":3}},"line":27},"6":{"name":"useTheme","decl":{"start":{"line":39,"column":16},"end":{"line":39,"column":24}},"loc":{"start":{"line":39,"column":27},"end":{"line":41,"column":1}},"line":39}},"branchMap":{"0":{"loc":{"start":{"line":17,"column":4},"end":{"line":19,"column":5}},"type":"if","locations":[{"start":{"line":17,"column":4},"end":{"line":19,"column":5}},{"start":{},"end":{}}],"line":17},"1":{"loc":{"start":{"line":17,"column":8},"end":{"line":17,"column":64}},"type":"binary-expr","locations":[{"start":{"line":17,"column":8},"end":{"line":17,"column":18}},{"start":{"line":17,"column":22},"end":{"line":17,"column":64}}],"line":17},"2":{"loc":{"start":{"line":24,"column":24},"end":{"line":24,"column":76}},"type":"cond-expr","locations":[{"start":{"line":24,"column":50},"end":{"line":24,"column":62}},{"start":{"line":24,"column":65},"end":{"line":24,"column":76}}],"line":24}},"s":{"0":6,"1":6,"2":51,"3":45,"4":45,"5":23,"6":22,"7":51,"8":3,"9":3,"10":51,"11":51,"12":51,"13":51,"14":24},"f":{"0":0,"1":51,"2":45,"3":3,"4":3,"5":51,"6":24},"b":{"0":[23,22],"1":[45,24],"2":[2,1]},"_coverageSchema":"1a1c01bbd47fc00a2c39e90264f33305004495a9","hash":"9ed4b7d861d7483bacb4ed4ce5db78e679110b88"}
,"/home/nanchang/xw/frontend/src/hooks/useTTS.js": {"path":"/home/nanchang/xw/frontend/src/hooks/useTTS.js","statementMap":{"0":{"start":{"line":4,"column":38},"end":{"line":4,"column":53}},"1":{"start":{"line":5,"column":28},"end":{"line":5,"column":42}},"2":{"start":{"line":7,"column":16},"end":{"line":44,"column":8}},"3":{"start":{"line":8,"column":4},"end":{"line":8,"column":19}},"4":{"start":{"line":10,"column":4},"end":{"line":43,"column":5}},"5":{"start":{"line":12,"column":6},"end":{"line":14,"column":7}},"6":{"start":{"line":13,"column":8},"end":{"line":13,"column":42}},"7":{"start":{"line":17,"column":24},"end":{"line":17,"column":58}},"8":{"start":{"line":20,"column":6},"end":{"line":20,"column":31}},"9":{"start":{"line":21,"column":6},"end":{"line":21,"column":27}},"10":{"start":{"line":22,"column":6},"end":{"line":22,"column":28}},"11":{"start":{"line":23,"column":6},"end":{"line":23,"column":29}},"12":{"start":{"line":26,"column":6},"end":{"line":28,"column":8}},"13":{"start":{"line":27,"column":8},"end":{"line":27,"column":28}},"14":{"start":{"line":30,"column":6},"end":{"line":32,"column":8}},"15":{"start":{"line":31,"column":8},"end":{"line":31,"column":29}},"16":{"start":{"line":34,"column":6},"end":{"line":37,"column":8}},"17":{"start":{"line":35,"column":8},"end":{"line":35,"column":43}},"18":{"start":{"line":36,"column":8},"end":{"line":36,"column":29}},"19":{"start":{"line":40,"column":6},"end":{"line":40,"column":46}},"20":{"start":{"line":42,"column":6},"end":{"line":42,"column":43}},"21":{"start":{"line":47,"column":15},"end":{"line":52,"column":8}},"22":{"start":{"line":48,"column":4},"end":{"line":51,"column":5}},"23":{"start":{"line":49,"column":6},"end":{"line":49,"column":38}},"24":{"start":{"line":50,"column":6},"end":{"line":50,"column":27}},"25":{"start":{"line":54,"column":2},"end":{"line":59,"column":4}}},"fnMap":{"0":{"name":"useTTS","decl":{"start":{"line":3,"column":16},"end":{"line":3,"column":22}},"loc":{"start":{"line":3,"column":25},"end":{"line":60,"column":1}},"line":3},"1":{"name":"(anonymous_1)","decl":{"start":{"line":7,"column":28},"end":{"line":7,"column":29}},"loc":{"start":{"line":7,"column":38},"end":{"line":44,"column":3}},"line":7},"2":{"name":"(anonymous_2)","decl":{"start":{"line":26,"column":26},"end":{"line":26,"column":27}},"loc":{"start":{"line":26,"column":32},"end":{"line":28,"column":7}},"line":26},"3":{"name":"(anonymous_3)","decl":{"start":{"line":30,"column":24},"end":{"line":30,"column":25}},"loc":{"start":{"line":30,"column":30},"end":{"line":32,"column":7}},"line":30},"4":{"name":"(anonymous_4)","decl":{"start":{"line":34,"column":26},"end":{"line":34,"column":27}},"loc":{"start":{"line":34,"column":37},"end":{"line":37,"column":7}},"line":34},"5":{"name":"(anonymous_5)","decl":{"start":{"line":47,"column":27},"end":{"line":47,"column":28}},"loc":{"start":{"line":47,"column":33},"end":{"line":52,"column":3}},"line":47}},"branchMap":{"0":{"loc":{"start":{"line":12,"column":6},"end":{"line":14,"column":7}},"type":"if","locations":[{"start":{"line":12,"column":6},"end":{"line":14,"column":7}},{"start":{},"end":{}}],"line":12},"1":{"loc":{"start":{"line":48,"column":4},"end":{"line":51,"column":5}},"type":"if","locations":[{"start":{"line":48,"column":4},"end":{"line":51,"column":5}},{"start":{},"end":{}}],"line":48}},"s":{"0":28,"1":28,"2":28,"3":14,"4":14,"5":14,"6":1,"7":13,"8":13,"9":13,"10":13,"11":13,"12":13,"13":3,"14":13,"15":2,"16":13,"17":2,"18":2,"19":13,"20":1,"21":28,"22":2,"23":2,"24":2,"25":28},"f":{"0":28,"1":14,"2":3,"3":2,"4":2,"5":2},"b":{"0":[1,13],"1":[2,0]},"_coverageSchema":"1a1c01bbd47fc00a2c39e90264f33305004495a9","hash":"072cb9d201b60617c816e7df96710030079022d0"}
,"/home/nanchang/xw/frontend/src/hooks/useVoice.js": {"path":"/home/nanchang/xw/frontend/src/hooks/useVoice.js","statementMap":{"0":{"start":{"line":4,"column":40},"end":{"line":4,"column":55}},"1":{"start":{"line":5,"column":28},"end":{"line":5,"column":42}},"2":{"start":{"line":6,"column":38},"end":{"line":6,"column":50}},"3":{"start":{"line":7,"column":25},"end":{"line":7,"column":37}},"4":{"start":{"line":10,"column":25},"end":{"line":51,"column":8}},"5":{"start":{"line":11,"column":4},"end":{"line":11,"column":19}},"6":{"start":{"line":13,"column":4},"end":{"line":50,"column":5}},"7":{"start":{"line":15,"column":6},"end":{"line":17,"column":7}},"8":{"start":{"line":16,"column":8},"end":{"line":16,"column":42}},"9":{"start":{"line":20,"column":32},"end":{"line":20,"column":90}},"10":{"start":{"line":21,"column":26},"end":{"line":21,"column":49}},"11":{"start":{"line":24,"column":6},"end":{"line":24,"column":37}},"12":{"start":{"line":25,"column":6},"end":{"line":25,"column":40}},"13":{"start":{"line":26,"column":6},"end":{"line":26,"column":33}},"14":{"start":{"line":29,"column":6},"end":{"line":33,"column":8}},"15":{"start":{"line":30,"column":23},"end":{"line":30,"column":39}},"16":{"start":{"line":31,"column":21},"end":{"line":31,"column":41}},"17":{"start":{"line":32,"column":8},"end":{"line":32,"column":28}},"18":{"start":{"line":35,"column":6},"end":{"line":38,"column":8}},"19":{"start":{"line":36,"column":8},"end":{"line":36,"column":43}},"20":{"start":{"line":37,"column":8},"end":{"line":37,"column":30}},"21":{"start":{"line":40,"column":6},"end":{"line":42,"column":8}},"22":{"start":{"line":41,"column":8},"end":{"line":41,"column":30}},"23":{"start":{"line":45,"column":6},"end":{"line":45,"column":26}},"24":{"start":{"line":46,"column":6},"end":{"line":46,"column":43}},"25":{"start":{"line":47,"column":6},"end":{"line":47,"column":27}},"26":{"start":{"line":49,"column":6},"end":{"line":49,"column":43}},"27":{"start":{"line":54,"column":24},"end":{"line":60,"column":18}},"28":{"start":{"line":55,"column":4},"end":{"line":57,"column":5}},"29":{"start":{"line":56,"column":6},"end":{"line":56,"column":36}},"30":{"start":{"line":58,"column":4},"end":{"line":58,"column":26}},"31":{"start":{"line":59,"column":4},"end":{"line":59,"column":22}},"32":{"start":{"line":63,"column":26},"end":{"line":65,"column":8}},"33":{"start":{"line":64,"column":4},"end":{"line":64,"column":22}},"34":{"start":{"line":67,"column":2},"end":{"line":74,"column":4}}},"fnMap":{"0":{"name":"useVoice","decl":{"start":{"line":3,"column":16},"end":{"line":3,"column":24}},"loc":{"start":{"line":3,"column":27},"end":{"line":75,"column":1}},"line":3},"1":{"name":"(anonymous_1)","decl":{"start":{"line":10,"column":37},"end":{"line":10,"column":38}},"loc":{"start":{"line":10,"column":49},"end":{"line":51,"column":3}},"line":10},"2":{"name":"(anonymous_2)","decl":{"start":{"line":29,"column":29},"end":{"line":29,"column":30}},"loc":{"start":{"line":29,"column":40},"end":{"line":33,"column":7}},"line":29},"3":{"name":"(anonymous_3)","decl":{"start":{"line":35,"column":28},"end":{"line":35,"column":29}},"loc":{"start":{"line":35,"column":39},"end":{"line":38,"column":7}},"line":35},"4":{"name":"(anonymous_4)","decl":{"start":{"line":40,"column":26},"end":{"line":40,"column":27}},"loc":{"start":{"line":40,"column":32},"end":{"line":42,"column":7}},"line":40},"5":{"name":"(anonymous_5)","decl":{"start":{"line":54,"column":36},"end":{"line":54,"column":37}},"loc":{"start":{"line":54,"column":42},"end":{"line":60,"column":3}},"line":54},"6":{"name":"(anonymous_6)","decl":{"start":{"line":63,"column":38},"end":{"line":63,"column":39}},"loc":{"start":{"line":63,"column":44},"end":{"line":65,"column":3}},"line":63}},"branchMap":{"0":{"loc":{"start":{"line":15,"column":6},"end":{"line":17,"column":7}},"type":"if","locations":[{"start":{"line":15,"column":6},"end":{"line":17,"column":7}},{"start":{},"end":{}}],"line":15},"1":{"loc":{"start":{"line":15,"column":10},"end":{"line":15,"column":70}},"type":"binary-expr","locations":[{"start":{"line":15,"column":10},"end":{"line":15,"column":35}},{"start":{"line":15,"column":39},"end":{"line":15,"column":70}}],"line":15},"2":{"loc":{"start":{"line":20,"column":32},"end":{"line":20,"column":90}},"type":"binary-expr","locations":[{"start":{"line":20,"column":32},"end":{"line":20,"column":56}},{"start":{"line":20,"column":60},"end":{"line":20,"column":90}}],"line":20},"3":{"loc":{"start":{"line":55,"column":4},"end":{"line":57,"column":5}},"type":"if","locations":[{"start":{"line":55,"column":4},"end":{"line":57,"column":5}},{"start":{},"end":{}}],"line":55}},"s":{"0":51,"1":51,"2":51,"3":51,"4":51,"5":18,"6":18,"7":18,"8":1,"9":17,"10":17,"11":17,"12":17,"13":17,"14":17,"15":5,"16":5,"17":5,"18":17,"19":3,"20":3,"21":17,"22":2,"23":17,"24":17,"25":17,"26":1,"27":51,"28":3,"29":3,"30":3,"31":3,"32":51,"33":0,"34":51},"f":{"0":51,"1":18,"2":5,"3":3,"4":2,"5":3,"6":0},"b":{"0":[1,17],"1":[18,1],"2":[17,0],"3":[3,0]},"_coverageSchema":"1a1c01bbd47fc00a2c39e90264f33305004495a9","hash":"cf911473dded15a618e7f4b12c300c8e4f28186c"}
,"/home/nanchang/xw/frontend/src/mocks/browser.js": {"path":"/home/nanchang/xw/frontend/src/mocks/browser.js","statementMap":{"0":{"start":{"line":5,"column":22},"end":{"line":5,"column":46}}},"fnMap":{},"branchMap":{},"s":{"0":0},"f":{},"b":{}}
,"/home/nanchang/xw/frontend/src/mocks/handlers.js": {"path":"/home/nanchang/xw/frontend/src/mocks/handlers.js","statementMap":{"0":{"start":{"line":4,"column":18},"end":{"line":27,"column":1}},"1":{"start":{"line":30,"column":21},"end":{"line":30,"column":25}},"2":{"start":{"line":33,"column":18},"end":{"line":74,"column":1}},"3":{"start":{"line":77,"column":21},"end":{"line":90,"column":1}},"4":{"start":{"line":93,"column":24},"end":{"line":440,"column":1}},"5":{"start":{"line":96,"column":21},"end":{"line":96,"column":29}},"6":{"start":{"line":97,"column":21},"end":{"line":97,"column":45}},"7":{"start":{"line":98,"column":21},"end":{"line":98,"column":45}},"8":{"start":{"line":101,"column":17},"end":{"line":101,"column":88}},"9":{"start":{"line":101,"column":37},"end":{"line":101,"column":87}},"10":{"start":{"line":103,"column":4},"end":{"line":108,"column":5}},"11":{"start":{"line":104,"column":6},"end":{"line":107,"column":8}},"12":{"start":{"line":111,"column":18},"end":{"line":111,"column":55}},"13":{"start":{"line":113,"column":4},"end":{"line":122,"column":6}},"14":{"start":{"line":127,"column":23},"end":{"line":127,"column":55}},"15":{"start":{"line":129,"column":4},"end":{"line":134,"column":5}},"16":{"start":{"line":130,"column":6},"end":{"line":133,"column":8}},"17":{"start":{"line":137,"column":21},"end":{"line":137,"column":55}},"18":{"start":{"line":139,"column":4},"end":{"line":145,"column":6}},"19":{"start":{"line":150,"column":22},"end":{"line":150,"column":30}},"20":{"start":{"line":153,"column":17},"end":{"line":153,"column":26}},"21":{"start":{"line":154,"column":20},"end":{"line":154,"column":22}},"22":{"start":{"line":155,"column":31},"end":{"line":155,"column":35}},"23":{"start":{"line":156,"column":30},"end":{"line":156,"column":32}},"24":{"start":{"line":158,"column":23},"end":{"line":158,"column":42}},"25":{"start":{"line":160,"column":4},"end":{"line":212,"column":5}},"26":{"start":{"line":161,"column":6},"end":{"line":161,"column":26}},"27":{"start":{"line":164,"column":26},"end":{"line":164,"column":61}},"28":{"start":{"line":165,"column":21},"end":{"line":165,"column":65}},"29":{"start":{"line":167,"column":29},"end":{"line":167,"column":95}},"30":{"start":{"line":168,"column":24},"end":{"line":168,"column":68}},"31":{"start":{"line":170,"column":6},"end":{"line":180,"column":9}},"32":{"start":{"line":182,"column":6},"end":{"line":182,"column":70}},"33":{"start":{"line":183,"column":11},"end":{"line":212,"column":5}},"34":{"start":{"line":184,"column":6},"end":{"line":184,"column":31}},"35":{"start":{"line":186,"column":6},"end":{"line":194,"column":9}},"36":{"start":{"line":196,"column":6},"end":{"line":196,"column":48}},"37":{"start":{"line":197,"column":11},"end":{"line":212,"column":5}},"38":{"start":{"line":198,"column":6},"end":{"line":198,"column":36}},"39":{"start":{"line":200,"column":6},"end":{"line":209,"column":9}},"40":{"start":{"line":211,"column":6},"end":{"line":211,"column":45}},"41":{"start":{"line":215,"column":4},"end":{"line":224,"column":6}},"42":{"start":{"line":229,"column":27},"end":{"line":229,"column":35}},"43":{"start":{"line":231,"column":4},"end":{"line":236,"column":5}},"44":{"start":{"line":232,"column":6},"end":{"line":235,"column":8}},"45":{"start":{"line":238,"column":21},"end":{"line":238,"column":34}},"46":{"start":{"line":239,"column":38},"end":{"line":239,"column":55}},"47":{"start":{"line":241,"column":17},"end":{"line":241,"column":19}},"48":{"start":{"line":243,"column":4},"end":{"line":310,"column":5}},"49":{"start":{"line":245,"column":8},"end":{"line":255,"column":10}},"50":{"start":{"line":256,"column":8},"end":{"line":256,"column":14}},"51":{"start":{"line":259,"column":8},"end":{"line":267,"column":10}},"52":{"start":{"line":268,"column":8},"end":{"line":268,"column":14}},"53":{"start":{"line":271,"column":8},"end":{"line":301,"column":10}},"54":{"start":{"line":302,"column":8},"end":{"line":302,"column":14}},"55":{"start":{"line":305,"column":8},"end":{"line":309,"column":10}},"56":{"start":{"line":313,"column":4},"end":{"line":317,"column":6}},"57":{"start":{"line":322,"column":4},"end":{"line":327,"column":6}},"58":{"start":{"line":332,"column":4},"end":{"line":346,"column":6}},"59":{"start":{"line":351,"column":19},"end":{"line":351,"column":27}},"60":{"start":{"line":354,"column":4},"end":{"line":360,"column":6}},"61":{"start":{"line":365,"column":4},"end":{"line":370,"column":6}},"62":{"start":{"line":374,"column":21},"end":{"line":374,"column":29}},"63":{"start":{"line":376,"column":20},"end":{"line":380,"column":5}},"64":{"start":{"line":382,"column":4},"end":{"line":382,"column":28}},"65":{"start":{"line":384,"column":4},"end":{"line":390,"column":6}},"66":{"start":{"line":394,"column":23},"end":{"line":394,"column":33}},"67":{"start":{"line":395,"column":21},"end":{"line":395,"column":29}},"68":{"start":{"line":397,"column":22},"end":{"line":397,"column":69}},"69":{"start":{"line":397,"column":50},"end":{"line":397,"column":68}},"70":{"start":{"line":399,"column":4},"end":{"line":404,"column":5}},"71":{"start":{"line":400,"column":6},"end":{"line":403,"column":8}},"72":{"start":{"line":406,"column":4},"end":{"line":410,"column":6}},"73":{"start":{"line":412,"column":4},"end":{"line":418,"column":6}},"74":{"start":{"line":422,"column":23},"end":{"line":422,"column":33}},"75":{"start":{"line":424,"column":22},"end":{"line":424,"column":69}},"76":{"start":{"line":424,"column":50},"end":{"line":424,"column":68}},"77":{"start":{"line":426,"column":4},"end":{"line":431,"column":5}},"78":{"start":{"line":427,"column":6},"end":{"line":430,"column":8}},"79":{"start":{"line":433,"column":4},"end":{"line":433,"column":35}},"80":{"start":{"line":435,"column":4},"end":{"line":438,"column":6}}},"fnMap":{"0":{"name":"(anonymous_0)","decl":{"start":{"line":95,"column":34},"end":{"line":95,"column":35}},"loc":{"start":{"line":95,"column":53},"end":{"line":123,"column":3}},"line":95},"1":{"name":"(anonymous_1)","decl":{"start":{"line":101,"column":32},"end":{"line":101,"column":33}},"loc":{"start":{"line":101,"column":37},"end":{"line":101,"column":87}},"line":101},"2":{"name":"(anonymous_2)","decl":{"start":{"line":126,"column":36},"end":{"line":126,"column":37}},"loc":{"start":{"line":126,"column":55},"end":{"line":146,"column":3}},"line":126},"3":{"name":"(anonymous_3)","decl":{"start":{"line":149,"column":33},"end":{"line":149,"column":34}},"loc":{"start":{"line":149,"column":52},"end":{"line":225,"column":3}},"line":149},"4":{"name":"(anonymous_4)","decl":{"start":{"line":228,"column":31},"end":{"line":228,"column":32}},"loc":{"start":{"line":228,"column":50},"end":{"line":318,"column":3}},"line":228},"5":{"name":"(anonymous_5)","decl":{"start":{"line":321,"column":28},"end":{"line":321,"column":29}},"loc":{"start":{"line":321,"column":47},"end":{"line":328,"column":3}},"line":321},"6":{"name":"(anonymous_6)","decl":{"start":{"line":331,"column":34},"end":{"line":331,"column":35}},"loc":{"start":{"line":331,"column":53},"end":{"line":347,"column":3}},"line":331},"7":{"name":"(anonymous_7)","decl":{"start":{"line":350,"column":34},"end":{"line":350,"column":35}},"loc":{"start":{"line":350,"column":53},"end":{"line":361,"column":3}},"line":350},"8":{"name":"(anonymous_8)","decl":{"start":{"line":364,"column":32},"end":{"line":364,"column":33}},"loc":{"start":{"line":364,"column":51},"end":{"line":371,"column":3}},"line":364},"9":{"name":"(anonymous_9)","decl":{"start":{"line":373,"column":33},"end":{"line":373,"column":34}},"loc":{"start":{"line":373,"column":52},"end":{"line":391,"column":3}},"line":373},"10":{"name":"(anonymous_10)","decl":{"start":{"line":393,"column":40},"end":{"line":393,"column":41}},"loc":{"start":{"line":393,"column":59},"end":{"line":419,"column":3}},"line":393},"11":{"name":"(anonymous_11)","decl":{"start":{"line":397,"column":42},"end":{"line":397,"column":43}},"loc":{"start":{"line":397,"column":50},"end":{"line":397,"column":68}},"line":397},"12":{"name":"(anonymous_12)","decl":{"start":{"line":421,"column":43},"end":{"line":421,"column":44}},"loc":{"start":{"line":421,"column":62},"end":{"line":439,"column":3}},"line":421},"13":{"name":"(anonymous_13)","decl":{"start":{"line":424,"column":42},"end":{"line":424,"column":43}},"loc":{"start":{"line":424,"column":50},"end":{"line":424,"column":68}},"line":424}},"branchMap":{"0":{"loc":{"start":{"line":101,"column":37},"end":{"line":101,"column":87}},"type":"binary-expr","locations":[{"start":{"line":101,"column":37},"end":{"line":101,"column":60}},{"start":{"line":101,"column":64},"end":{"line":101,"column":87}}],"line":101},"1":{"loc":{"start":{"line":103,"column":4},"end":{"line":108,"column":5}},"type":"if","locations":[{"start":{"line":103,"column":4},"end":{"line":108,"column":5}},{"start":{},"end":{}}],"line":103},"2":{"loc":{"start":{"line":129,"column":4},"end":{"line":134,"column":5}},"type":"if","locations":[{"start":{"line":129,"column":4},"end":{"line":134,"column":5}},{"start":{},"end":{}}],"line":129},"3":{"loc":{"start":{"line":129,"column":8},"end":{"line":129,"column":56}},"type":"binary-expr","locations":[{"start":{"line":129,"column":8},"end":{"line":129,"column":19}},{"start":{"line":129,"column":23},"end":{"line":129,"column":56}}],"line":129},"4":{"loc":{"start":{"line":160,"column":4},"end":{"line":212,"column":5}},"type":"if","locations":[{"start":{"line":160,"column":4},"end":{"line":212,"column":5}},{"start":{"line":183,"column":11},"end":{"line":212,"column":5}}],"line":160},"5":{"loc":{"start":{"line":160,"column":8},"end":{"line":160,"column":90}},"type":"binary-expr","locations":[{"start":{"line":160,"column":8},"end":{"line":160,"column":33}},{"start":{"line":160,"column":37},"end":{"line":160,"column":62}},{"start":{"line":160,"column":66},"end":{"line":160,"column":90}}],"line":160},"6":{"loc":{"start":{"line":165,"column":21},"end":{"line":165,"column":65}},"type":"cond-expr","locations":[{"start":{"line":165,"column":35},"end":{"line":165,"column":61}},{"start":{"line":165,"column":64},"end":{"line":165,"column":65}}],"line":165},"7":{"loc":{"start":{"line":168,"column":24},"end":{"line":168,"column":68}},"type":"cond-expr","locations":[{"start":{"line":168,"column":41},"end":{"line":168,"column":58}},{"start":{"line":168,"column":61},"end":{"line":168,"column":68}}],"line":168},"8":{"loc":{"start":{"line":183,"column":11},"end":{"line":212,"column":5}},"type":"if","locations":[{"start":{"line":183,"column":11},"end":{"line":212,"column":5}},{"start":{"line":197,"column":11},"end":{"line":212,"column":5}}],"line":183},"9":{"loc":{"start":{"line":183,"column":15},"end":{"line":183,"column":69}},"type":"binary-expr","locations":[{"start":{"line":183,"column":15},"end":{"line":183,"column":40}},{"start":{"line":183,"column":44},"end":{"line":183,"column":69}}],"line":183},"10":{"loc":{"start":{"line":197,"column":11},"end":{"line":212,"column":5}},"type":"if","locations":[{"start":{"line":197,"column":11},"end":{"line":212,"column":5}},{"start":{},"end":{}}],"line":197},"11":{"loc":{"start":{"line":197,"column":15},"end":{"line":197,"column":73}},"type":"binary-expr","locations":[{"start":{"line":197,"column":15},"end":{"line":197,"column":42}},{"start":{"line":197,"column":46},"end":{"line":197,"column":73}}],"line":197},"12":{"loc":{"start":{"line":231,"column":4},"end":{"line":236,"column":5}},"type":"if","locations":[{"start":{"line":231,"column":4},"end":{"line":236,"column":5}},{"start":{},"end":{}}],"line":231},"13":{"loc":{"start":{"line":231,"column":8},"end":{"line":231,"column":46}},"type":"binary-expr","locations":[{"start":{"line":231,"column":8},"end":{"line":231,"column":19}},{"start":{"line":231,"column":23},"end":{"line":231,"column":46}}],"line":231},"14":{"loc":{"start":{"line":243,"column":4},"end":{"line":310,"column":5}},"type":"switch","locations":[{"start":{"line":244,"column":6},"end":{"line":256,"column":14}},{"start":{"line":258,"column":6},"end":{"line":268,"column":14}},{"start":{"line":270,"column":6},"end":{"line":302,"column":14}},{"start":{"line":304,"column":6},"end":{"line":309,"column":10}}],"line":243},"15":{"loc":{"start":{"line":261,"column":25},"end":{"line":261,"column":47}},"type":"binary-expr","locations":[{"start":{"line":261,"column":25},"end":{"line":261,"column":38}},{"start":{"line":261,"column":42},"end":{"line":261,"column":47}}],"line":261},"16":{"loc":{"start":{"line":263,"column":22},"end":{"line":263,"column":44}},"type":"binary-expr","locations":[{"start":{"line":263,"column":22},"end":{"line":263,"column":35}},{"start":{"line":263,"column":39},"end":{"line":263,"column":44}}],"line":263},"17":{"loc":{"start":{"line":298,"column":19},"end":{"line":298,"column":35}},"type":"binary-expr","locations":[{"start":{"line":298,"column":19},"end":{"line":298,"column":29}},{"start":{"line":298,"column":33},"end":{"line":298,"column":35}}],"line":298},"18":{"loc":{"start":{"line":299,"column":20},"end":{"line":299,"column":36}},"type":"binary-expr","locations":[{"start":{"line":299,"column":20},"end":{"line":299,"column":31}},{"start":{"line":299,"column":35},"end":{"line":299,"column":36}}],"line":299},"19":{"loc":{"start":{"line":399,"column":4},"end":{"line":404,"column":5}},"type":"if","locations":[{"start":{"line":399,"column":4},"end":{"line":404,"column":5}},{"start":{},"end":{}}],"line":399},"20":{"loc":{"start":{"line":426,"column":4},"end":{"line":431,"column":5}},"type":"if","locations":[{"start":{"line":426,"column":4},"end":{"line":431,"column":5}},{"start":{},"end":{}}],"line":426}},"s":{"0":0,"1":0,"2":0,"3":0,"4":0,"5":0,"6":0,"7":0,"8":0,"9":0,"10":0,"11":0,"12":0,"13":0,"14":0,"15":0,"16":0,"17":0,"18":0,"19":0,"20":0,"21":0,"22":0,"23":0,"24":0,"25":0,"26":0,"27":0,"28":0,"29":0,"30":0,"31":0,"32":0,"33":0,"34":0,"35":0,"36":0,"37":0,"38":0,"39":0,"40":0,"41":0,"42":0,"43":0,"44":0,"45":0,"46":0,"47":0,"48":0,"49":0,"50":0,"51":0,"52":0,"53":0,"54":0,"55":0,"56":0,"57":0,"58":0,"59":0,"60":0,"61":0,"62":0,"63":0,"64":0,"65":0,"66":0,"67":0,"68":0,"69":0,"70":0,"71":0,"72":0,"73":0,"74":0,"75":0,"76":0,"77":0,"78":0,"79":0,"80":0},"f":{"0":0,"1":0,"2":0,"3":0,"4":0,"5":0,"6":0,"7":0,"8":0,"9":0,"10":0,"11":0,"12":0,"13":0},"b":{"0":[0,0],"1":[0,0],"2":[0,0],"3":[0,0],"4":[0,0],"5":[0,0,0],"6":[0,0],"7":[0,0],"8":[0,0],"9":[0,0],"10":[0,0],"11":[0,0],"12":[0,0],"13":[0,0],"14":[0,0,0,0],"15":[0,0],"16":[0,0],"17":[0,0],"18":[0,0],"19":[0,0],"20":[0,0]}}
,"/home/nanchang/xw/frontend/src/pages/MainPage/MainPage.jsx": {"path":"/home/nanchang/xw/frontend/src/pages/MainPage/MainPage.jsx","statementMap":{"0":{"start":{"line":22,"column":6},"end":{"line":22,"column":18}},"1":{"start":{"line":24,"column":20},"end":{"line":24,"column":28}},"2":{"start":{"line":27,"column":27},"end":{"line":50,"column":81}},"3":{"start":{"line":28,"column":4},"end":{"line":49,"column":5}},"4":{"start":{"line":29,"column":6},"end":{"line":29,"column":31}},"5":{"start":{"line":30,"column":6},"end":{"line":30,"column":38}},"6":{"start":{"line":33,"column":30},"end":{"line":33,"column":62}},"7":{"start":{"line":35,"column":6},"end":{"line":44,"column":7}},"8":{"start":{"line":37,"column":8},"end":{"line":37,"column":31}},"9":{"start":{"line":38,"column":8},"end":{"line":38,"column":49}},"10":{"start":{"line":39,"column":8},"end":{"line":39,"column":61}},"11":{"start":{"line":40,"column":8},"end":{"line":40,"column":52}},"12":{"start":{"line":43,"column":8},"end":{"line":43,"column":55}},"13":{"start":{"line":46,"column":6},"end":{"line":46,"column":30}},"14":{"start":{"line":47,"column":6},"end":{"line":47,"column":23}},"15":{"start":{"line":48,"column":6},"end":{"line":48,"column":31}},"16":{"start":{"line":53,"column":23},"end":{"line":82,"column":62}},"17":{"start":{"line":54,"column":4},"end":{"line":81,"column":5}},"18":{"start":{"line":55,"column":6},"end":{"line":55,"column":28}},"19":{"start":{"line":56,"column":6},"end":{"line":56,"column":38}},"20":{"start":{"line":58,"column":28},"end":{"line":58,"column":64}},"21":{"start":{"line":60,"column":6},"end":{"line":60,"column":38}},"22":{"start":{"line":61,"column":6},"end":{"line":61,"column":28}},"23":{"start":{"line":62,"column":6},"end":{"line":62,"column":31}},"24":{"start":{"line":65,"column":6},"end":{"line":67,"column":7}},"25":{"start":{"line":66,"column":8},"end":{"line":66,"column":44}},"26":{"start":{"line":70,"column":6},"end":{"line":75,"column":15}},"27":{"start":{"line":71,"column":8},"end":{"line":71,"column":25}},"28":{"start":{"line":72,"column":8},"end":{"line":72,"column":24}},"29":{"start":{"line":73,"column":8},"end":{"line":73,"column":27}},"30":{"start":{"line":74,"column":8},"end":{"line":74,"column":29}},"31":{"start":{"line":78,"column":6},"end":{"line":78,"column":30}},"32":{"start":{"line":79,"column":6},"end":{"line":79,"column":23}},"33":{"start":{"line":80,"column":6},"end":{"line":80,"column":26}},"34":{"start":{"line":85,"column":24},"end":{"line":89,"column":31}},"35":{"start":{"line":86,"column":4},"end":{"line":88,"column":5}},"36":{"start":{"line":87,"column":6},"end":{"line":87,"column":30}},"37":{"start":{"line":92,"column":23},"end":{"line":97,"column":53}},"38":{"start":{"line":93,"column":4},"end":{"line":93,"column":21}},"39":{"start":{"line":94,"column":4},"end":{"line":94,"column":23}},"40":{"start":{"line":95,"column":4},"end":{"line":95,"column":25}},"41":{"start":{"line":96,"column":4},"end":{"line":96,"column":19}},"42":{"start":{"line":99,"column":2},"end":{"line":155,"column":4}}},"fnMap":{"0":{"name":"MainPage","decl":{"start":{"line":10,"column":9},"end":{"line":10,"column":17}},"loc":{"start":{"line":10,"column":20},"end":{"line":156,"column":1}},"line":10},"1":{"name":"(anonymous_1)","decl":{"start":{"line":27,"column":39},"end":{"line":27,"column":40}},"loc":{"start":{"line":27,"column":55},"end":{"line":50,"column":3}},"line":27},"2":{"name":"(anonymous_2)","decl":{"start":{"line":53,"column":35},"end":{"line":53,"column":36}},"loc":{"start":{"line":53,"column":52},"end":{"line":82,"column":3}},"line":53},"3":{"name":"(anonymous_3)","decl":{"start":{"line":70,"column":17},"end":{"line":70,"column":18}},"loc":{"start":{"line":70,"column":23},"end":{"line":75,"column":7}},"line":70},"4":{"name":"(anonymous_4)","decl":{"start":{"line":85,"column":36},"end":{"line":85,"column":37}},"loc":{"start":{"line":85,"column":42},"end":{"line":89,"column":3}},"line":85},"5":{"name":"(anonymous_5)","decl":{"start":{"line":92,"column":35},"end":{"line":92,"column":36}},"loc":{"start":{"line":92,"column":41},"end":{"line":97,"column":3}},"line":92}},"branchMap":{"0":{"loc":{"start":{"line":35,"column":6},"end":{"line":44,"column":7}},"type":"if","locations":[{"start":{"line":35,"column":6},"end":{"line":44,"column":7}},{"start":{"line":41,"column":13},"end":{"line":44,"column":7}}],"line":35},"1":{"loc":{"start":{"line":65,"column":6},"end":{"line":67,"column":7}},"type":"if","locations":[{"start":{"line":65,"column":6},"end":{"line":67,"column":7}},{"start":{},"end":{}}],"line":65},"2":{"loc":{"start":{"line":65,"column":10},"end":{"line":65,"column":62}},"type":"binary-expr","locations":[{"start":{"line":65,"column":10},"end":{"line":65,"column":30}},{"start":{"line":65,"column":34},"end":{"line":65,"column":62}}],"line":65},"3":{"loc":{"start":{"line":86,"column":4},"end":{"line":88,"column":5}},"type":"if","locations":[{"start":{"line":86,"column":4},"end":{"line":88,"column":5}},{"start":{},"end":{}}],"line":86},"4":{"loc":{"start":{"line":113,"column":9},"end":{"line":135,"column":9}},"type":"binary-expr","locations":[{"start":{"line":113,"column":9},"end":{"line":113,"column":31}},{"start":{"line":113,"column":35},"end":{"line":113,"column":46}},{"start":{"line":114,"column":10},"end":{"line":134,"column":17}}],"line":113},"5":{"loc":{"start":{"line":138,"column":9},"end":{"line":150,"column":9}},"type":"binary-expr","locations":[{"start":{"line":138,"column":9},"end":{"line":138,"column":30}},{"start":{"line":138,"column":34},"end":{"line":138,"column":40}},{"start":{"line":139,"column":10},"end":{"line":149,"column":17}}],"line":138},"6":{"loc":{"start":{"line":142,"column":18},"end":{"line":142,"column":45}},"type":"binary-expr","locations":[{"start":{"line":142,"column":18},"end":{"line":142,"column":32}},{"start":{"line":142,"column":36},"end":{"line":142,"column":45}}],"line":142},"7":{"loc":{"start":{"line":143,"column":15},"end":{"line":147,"column":15}},"type":"binary-expr","locations":[{"start":{"line":143,"column":15},"end":{"line":143,"column":26}},{"start":{"line":144,"column":16},"end":{"line":146,"column":22}}],"line":143}},"s":{"0":22,"1":21,"2":21,"3":1,"4":1,"5":1,"6":1,"7":1,"8":0,"9":0,"10":0,"11":0,"12":0,"13":1,"14":1,"15":1,"16":21,"17":0,"18":0,"19":0,"20":0,"21":0,"22":0,"23":0,"24":0,"25":0,"26":0,"27":0,"28":0,"29":0,"30":0,"31":0,"32":0,"33":0,"34":21,"35":0,"36":0,"37":21,"38":0,"39":0,"40":0,"41":0,"42":21},"f":{"0":22,"1":1,"2":0,"3":0,"4":0,"5":0},"b":{"0":[0,0],"1":[0,0],"2":[0,0],"3":[0,0],"4":[21,0,0],"5":[21,0,0],"6":[0,0],"7":[0,0]},"_coverageSchema":"1a1c01bbd47fc00a2c39e90264f33305004495a9","hash":"c93b062db3c76fd8de8fb015ea4da8ac5fc006b7"}
,"/home/nanchang/xw/frontend/src/pages/user/LoginPage.jsx": {"path":"/home/nanchang/xw/frontend/src/pages/user/LoginPage.jsx","statementMap":{"0":{"start":{"line":8,"column":32},"end":{"line":8,"column":47}},"1":{"start":{"line":9,"column":20},"end":{"line":9,"column":29}},"2":{"start":{"line":10,"column":19},"end":{"line":10,"column":32}},"3":{"start":{"line":12,"column":23},"end":{"line":35,"column":3}},"4":{"start":{"line":13,"column":4},"end":{"line":13,"column":85}},"5":{"start":{"line":14,"column":4},"end":{"line":14,"column":21}},"6":{"start":{"line":16,"column":4},"end":{"line":34,"column":5}},"7":{"start":{"line":17,"column":6},"end":{"line":17,"column":45}},"8":{"start":{"line":18,"column":21},"end":{"line":18,"column":66}},"9":{"start":{"line":19,"column":6},"end":{"line":19,"column":49}},"10":{"start":{"line":21,"column":6},"end":{"line":24,"column":9}},"11":{"start":{"line":25,"column":6},"end":{"line":25,"column":39}},"12":{"start":{"line":27,"column":6},"end":{"line":27,"column":46}},"13":{"start":{"line":28,"column":6},"end":{"line":31,"column":9}},"14":{"start":{"line":33,"column":6},"end":{"line":33,"column":24}},"15":{"start":{"line":37,"column":2},"end":{"line":97,"column":4}}},"fnMap":{"0":{"name":"LoginPage","decl":{"start":{"line":7,"column":9},"end":{"line":7,"column":18}},"loc":{"start":{"line":7,"column":21},"end":{"line":98,"column":1}},"line":7},"1":{"name":"(anonymous_1)","decl":{"start":{"line":12,"column":23},"end":{"line":12,"column":24}},"loc":{"start":{"line":12,"column":41},"end":{"line":35,"column":3}},"line":12}},"branchMap":{"0":{"loc":{"start":{"line":29,"column":17},"end":{"line":29,"column":40}},"type":"binary-expr","locations":[{"start":{"line":29,"column":17},"end":{"line":29,"column":30}},{"start":{"line":29,"column":34},"end":{"line":29,"column":40}}],"line":29}},"s":{"0":26,"1":25,"2":25,"3":25,"4":2,"5":2,"6":2,"7":2,"8":2,"9":0,"10":0,"11":0,"12":2,"13":2,"14":2,"15":25},"f":{"0":26,"1":2},"b":{"0":[2,0]},"_coverageSchema":"1a1c01bbd47fc00a2c39e90264f33305004495a9","hash":"d95865f0a10c8b9984be1b7208ec9ca2fc635ee8"}
,"/home/nanchang/xw/frontend/src/services/apiClient.js": {"path":"/home/nanchang/xw/frontend/src/services/apiClient.js","statementMap":{"0":{"start":{"line":2,"column":21},"end":{"line":2,"column":76}},"1":{"start":{"line":5,"column":0},"end":{"line":5,"column":29}},"2":{"start":{"line":6,"column":0},"end":{"line":6,"column":61}},"3":{"start":{"line":7,"column":0},"end":{"line":7,"column":47}},"4":{"start":{"line":8,"column":0},"end":{"line":8,"column":44}},"5":{"start":{"line":12,"column":4},"end":{"line":12,"column":32}},"6":{"start":{"line":13,"column":4},"end":{"line":13,"column":59}},"7":{"start":{"line":18,"column":18},"end":{"line":18,"column":52}},"8":{"start":{"line":19,"column":4},"end":{"line":19,"column":61}},"9":{"start":{"line":24,"column":16},"end":{"line":24,"column":44}},"10":{"start":{"line":25,"column":4},"end":{"line":25,"column":38}},"11":{"start":{"line":26,"column":4},"end":{"line":26,"column":37}},"12":{"start":{"line":28,"column":19},"end":{"line":35,"column":5}},"13":{"start":{"line":37,"column":4},"end":{"line":69,"column":5}},"14":{"start":{"line":38,"column":6},"end":{"line":38,"column":36}},"15":{"start":{"line":39,"column":6},"end":{"line":39,"column":45}},"16":{"start":{"line":41,"column":23},"end":{"line":41,"column":47}},"17":{"start":{"line":43,"column":6},"end":{"line":43,"column":68}},"18":{"start":{"line":44,"column":6},"end":{"line":44,"column":77}},"19":{"start":{"line":46,"column":6},"end":{"line":50,"column":7}},"20":{"start":{"line":47,"column":26},"end":{"line":47,"column":65}},"21":{"start":{"line":47,"column":61},"end":{"line":47,"column":63}},"22":{"start":{"line":48,"column":8},"end":{"line":48,"column":47}},"23":{"start":{"line":49,"column":8},"end":{"line":49,"column":96}},"24":{"start":{"line":52,"column":21},"end":{"line":52,"column":42}},"25":{"start":{"line":53,"column":6},"end":{"line":53,"column":40}},"26":{"start":{"line":54,"column":6},"end":{"line":54,"column":20}},"27":{"start":{"line":56,"column":6},"end":{"line":56,"column":42}},"28":{"start":{"line":57,"column":6},"end":{"line":61,"column":9}},"29":{"start":{"line":64,"column":6},"end":{"line":66,"column":7}},"30":{"start":{"line":65,"column":8},"end":{"line":65,"column":50}},"31":{"start":{"line":68,"column":6},"end":{"line":68,"column":18}},"32":{"start":{"line":74,"column":25},"end":{"line":74,"column":52}},"33":{"start":{"line":75,"column":16},"end":{"line":75,"column":82}},"34":{"start":{"line":76,"column":4},"end":{"line":76,"column":48}},"35":{"start":{"line":81,"column":4},"end":{"line":84,"column":7}},"36":{"start":{"line":89,"column":4},"end":{"line":92,"column":7}},"37":{"start":{"line":97,"column":4},"end":{"line":97,"column":56}},"38":{"start":{"line":102,"column":4},"end":{"line":102,"column":82}},"39":{"start":{"line":104,"column":21},"end":{"line":104,"column":42}},"40":{"start":{"line":105,"column":4},"end":{"line":105,"column":42}},"41":{"start":{"line":106,"column":4},"end":{"line":106,"column":42}},"42":{"start":{"line":108,"column":4},"end":{"line":108,"column":84}},"43":{"start":{"line":110,"column":19},"end":{"line":116,"column":6}},"44":{"start":{"line":118,"column":4},"end":{"line":118,"column":45}},"45":{"start":{"line":119,"column":4},"end":{"line":119,"column":18}},"46":{"start":{"line":124,"column":4},"end":{"line":124,"column":56}},"47":{"start":{"line":129,"column":4},"end":{"line":129,"column":45}},"48":{"start":{"line":134,"column":4},"end":{"line":134,"column":48}},"49":{"start":{"line":139,"column":4},"end":{"line":139,"column":46}},"50":{"start":{"line":144,"column":4},"end":{"line":144,"column":37}},"51":{"start":{"line":149,"column":4},"end":{"line":149,"column":41}},"52":{"start":{"line":153,"column":4},"end":{"line":153,"column":52}},"53":{"start":{"line":157,"column":4},"end":{"line":157,"column":61}},"54":{"start":{"line":161,"column":4},"end":{"line":161,"column":54}},"55":{"start":{"line":166,"column":4},"end":{"line":166,"column":43}},"56":{"start":{"line":170,"column":4},"end":{"line":170,"column":51}},"57":{"start":{"line":175,"column":18},"end":{"line":175,"column":33}},"58":{"start":{"line":178,"column":21},"end":{"line":178,"column":80}},"59":{"start":{"line":178,"column":45},"end":{"line":178,"column":80}},"60":{"start":{"line":179,"column":24},"end":{"line":179,"column":66}},"61":{"start":{"line":179,"column":38},"end":{"line":179,"column":66}},"62":{"start":{"line":180,"column":28},"end":{"line":180,"column":58}},"63":{"start":{"line":180,"column":34},"end":{"line":180,"column":58}},"64":{"start":{"line":181,"column":25},"end":{"line":181,"column":60}},"65":{"start":{"line":181,"column":35},"end":{"line":181,"column":60}},"66":{"start":{"line":182,"column":23},"end":{"line":182,"column":56}},"67":{"start":{"line":182,"column":33},"end":{"line":182,"column":56}},"68":{"start":{"line":183,"column":24},"end":{"line":183,"column":50}},"69":{"start":{"line":183,"column":30},"end":{"line":183,"column":50}},"70":{"start":{"line":184,"column":27},"end":{"line":184,"column":56}},"71":{"start":{"line":184,"column":33},"end":{"line":184,"column":56}},"72":{"start":{"line":185,"column":26},"end":{"line":185,"column":70}},"73":{"start":{"line":185,"column":40},"end":{"line":185,"column":70}},"74":{"start":{"line":186,"column":26},"end":{"line":186,"column":86}},"75":{"start":{"line":186,"column":48},"end":{"line":186,"column":86}},"76":{"start":{"line":187,"column":26},"end":{"line":187,"column":66}},"77":{"start":{"line":187,"column":38},"end":{"line":187,"column":66}},"78":{"start":{"line":188,"column":29},"end":{"line":188,"column":60}},"79":{"start":{"line":188,"column":35},"end":{"line":188,"column":60}},"80":{"start":{"line":189,"column":32},"end":{"line":189,"column":78}},"81":{"start":{"line":189,"column":44},"end":{"line":189,"column":78}}},"fnMap":{"0":{"name":"(anonymous_0)","decl":{"start":{"line":11,"column":2},"end":{"line":11,"column":3}},"loc":{"start":{"line":11,"column":16},"end":{"line":14,"column":3}},"line":11},"1":{"name":"(anonymous_1)","decl":{"start":{"line":17,"column":2},"end":{"line":17,"column":3}},"loc":{"start":{"line":17,"column":19},"end":{"line":20,"column":3}},"line":17},"2":{"name":"(anonymous_2)","decl":{"start":{"line":23,"column":2},"end":{"line":23,"column":3}},"loc":{"start":{"line":23,"column":40},"end":{"line":70,"column":3}},"line":23},"3":{"name":"(anonymous_3)","decl":{"start":{"line":47,"column":54},"end":{"line":47,"column":55}},"loc":{"start":{"line":47,"column":61},"end":{"line":47,"column":63}},"line":47},"4":{"name":"(anonymous_4)","decl":{"start":{"line":73,"column":2},"end":{"line":73,"column":3}},"loc":{"start":{"line":73,"column":35},"end":{"line":77,"column":3}},"line":73},"5":{"name":"(anonymous_5)","decl":{"start":{"line":80,"column":2},"end":{"line":80,"column":3}},"loc":{"start":{"line":80,"column":34},"end":{"line":85,"column":3}},"line":80},"6":{"name":"(anonymous_6)","decl":{"start":{"line":88,"column":2},"end":{"line":88,"column":3}},"loc":{"start":{"line":88,"column":33},"end":{"line":93,"column":3}},"line":88},"7":{"name":"(anonymous_7)","decl":{"start":{"line":96,"column":2},"end":{"line":96,"column":3}},"loc":{"start":{"line":96,"column":25},"end":{"line":98,"column":3}},"line":96},"8":{"name":"(anonymous_8)","decl":{"start":{"line":101,"column":2},"end":{"line":101,"column":3}},"loc":{"start":{"line":101,"column":34},"end":{"line":120,"column":3}},"line":101},"9":{"name":"(anonymous_9)","decl":{"start":{"line":123,"column":2},"end":{"line":123,"column":3}},"loc":{"start":{"line":123,"column":27},"end":{"line":125,"column":3}},"line":123},"10":{"name":"(anonymous_10)","decl":{"start":{"line":128,"column":2},"end":{"line":128,"column":3}},"loc":{"start":{"line":128,"column":23},"end":{"line":130,"column":3}},"line":128},"11":{"name":"(anonymous_11)","decl":{"start":{"line":133,"column":2},"end":{"line":133,"column":3}},"loc":{"start":{"line":133,"column":24},"end":{"line":135,"column":3}},"line":133},"12":{"name":"(anonymous_12)","decl":{"start":{"line":138,"column":2},"end":{"line":138,"column":3}},"loc":{"start":{"line":138,"column":22},"end":{"line":140,"column":3}},"line":138},"13":{"name":"(anonymous_13)","decl":{"start":{"line":143,"column":2},"end":{"line":143,"column":3}},"loc":{"start":{"line":143,"column":19},"end":{"line":145,"column":3}},"line":143},"14":{"name":"(anonymous_14)","decl":{"start":{"line":148,"column":2},"end":{"line":148,"column":3}},"loc":{"start":{"line":148,"column":22},"end":{"line":150,"column":3}},"line":148},"15":{"name":"(anonymous_15)","decl":{"start":{"line":152,"column":2},"end":{"line":152,"column":3}},"loc":{"start":{"line":152,"column":29},"end":{"line":154,"column":3}},"line":152},"16":{"name":"(anonymous_16)","decl":{"start":{"line":156,"column":2},"end":{"line":156,"column":3}},"loc":{"start":{"line":156,"column":37},"end":{"line":158,"column":3}},"line":156},"17":{"name":"(anonymous_17)","decl":{"start":{"line":160,"column":2},"end":{"line":160,"column":3}},"loc":{"start":{"line":160,"column":27},"end":{"line":162,"column":3}},"line":160},"18":{"name":"(anonymous_18)","decl":{"start":{"line":165,"column":2},"end":{"line":165,"column":3}},"loc":{"start":{"line":165,"column":24},"end":{"line":167,"column":3}},"line":165},"19":{"name":"(anonymous_19)","decl":{"start":{"line":169,"column":2},"end":{"line":169,"column":3}},"loc":{"start":{"line":169,"column":33},"end":{"line":171,"column":3}},"line":169},"20":{"name":"(anonymous_20)","decl":{"start":{"line":178,"column":21},"end":{"line":178,"column":22}},"loc":{"start":{"line":178,"column":45},"end":{"line":178,"column":80}},"line":178},"21":{"name":"(anonymous_21)","decl":{"start":{"line":179,"column":24},"end":{"line":179,"column":25}},"loc":{"start":{"line":179,"column":38},"end":{"line":179,"column":66}},"line":179},"22":{"name":"(anonymous_22)","decl":{"start":{"line":180,"column":28},"end":{"line":180,"column":29}},"loc":{"start":{"line":180,"column":34},"end":{"line":180,"column":58}},"line":180},"23":{"name":"(anonymous_23)","decl":{"start":{"line":181,"column":25},"end":{"line":181,"column":26}},"loc":{"start":{"line":181,"column":35},"end":{"line":181,"column":60}},"line":181},"24":{"name":"(anonymous_24)","decl":{"start":{"line":182,"column":23},"end":{"line":182,"column":24}},"loc":{"start":{"line":182,"column":33},"end":{"line":182,"column":56}},"line":182},"25":{"name":"(anonymous_25)","decl":{"start":{"line":183,"column":24},"end":{"line":183,"column":25}},"loc":{"start":{"line":183,"column":30},"end":{"line":183,"column":50}},"line":183},"26":{"name":"(anonymous_26)","decl":{"start":{"line":184,"column":27},"end":{"line":184,"column":28}},"loc":{"start":{"line":184,"column":33},"end":{"line":184,"column":56}},"line":184},"27":{"name":"(anonymous_27)","decl":{"start":{"line":185,"column":26},"end":{"line":185,"column":27}},"loc":{"start":{"line":185,"column":40},"end":{"line":185,"column":70}},"line":185},"28":{"name":"(anonymous_28)","decl":{"start":{"line":186,"column":26},"end":{"line":186,"column":27}},"loc":{"start":{"line":186,"column":48},"end":{"line":186,"column":86}},"line":186},"29":{"name":"(anonymous_29)","decl":{"start":{"line":187,"column":26},"end":{"line":187,"column":27}},"loc":{"start":{"line":187,"column":38},"end":{"line":187,"column":66}},"line":187},"30":{"name":"(anonymous_30)","decl":{"start":{"line":188,"column":29},"end":{"line":188,"column":30}},"loc":{"start":{"line":188,"column":35},"end":{"line":188,"column":60}},"line":188},"31":{"name":"(anonymous_31)","decl":{"start":{"line":189,"column":32},"end":{"line":189,"column":33}},"loc":{"start":{"line":189,"column":44},"end":{"line":189,"column":78}},"line":189}},"branchMap":{"0":{"loc":{"start":{"line":2,"column":21},"end":{"line":2,"column":76}},"type":"binary-expr","locations":[{"start":{"line":2,"column":21},"end":{"line":2,"column":49}},{"start":{"line":2,"column":53},"end":{"line":2,"column":76}}],"line":2},"1":{"loc":{"start":{"line":19,"column":11},"end":{"line":19,"column":60}},"type":"cond-expr","locations":[{"start":{"line":19,"column":19},"end":{"line":19,"column":55}},{"start":{"line":19,"column":58},"end":{"line":19,"column":60}}],"line":19},"2":{"loc":{"start":{"line":23,"column":26},"end":{"line":23,"column":38}},"type":"default-arg","locations":[{"start":{"line":23,"column":36},"end":{"line":23,"column":38}}],"line":23},"3":{"loc":{"start":{"line":46,"column":6},"end":{"line":50,"column":7}},"type":"if","locations":[{"start":{"line":46,"column":6},"end":{"line":50,"column":7}},{"start":{},"end":{}}],"line":46},"4":{"loc":{"start":{"line":49,"column":24},"end":{"line":49,"column":94}},"type":"binary-expr","locations":[{"start":{"line":49,"column":24},"end":{"line":49,"column":41}},{"start":{"line":49,"column":45},"end":{"line":49,"column":94}}],"line":49},"5":{"loc":{"start":{"line":64,"column":6},"end":{"line":66,"column":7}},"type":"if","locations":[{"start":{"line":64,"column":6},"end":{"line":66,"column":7}},{"start":{},"end":{}}],"line":64},"6":{"loc":{"start":{"line":64,"column":10},"end":{"line":64,"column":71}},"type":"binary-expr","locations":[{"start":{"line":64,"column":10},"end":{"line":64,"column":36}},{"start":{"line":64,"column":40},"end":{"line":64,"column":71}}],"line":64},"7":{"loc":{"start":{"line":73,"column":22},"end":{"line":73,"column":33}},"type":"default-arg","locations":[{"start":{"line":73,"column":31},"end":{"line":73,"column":33}}],"line":73},"8":{"loc":{"start":{"line":75,"column":16},"end":{"line":75,"column":82}},"type":"cond-expr","locations":[{"start":{"line":75,"column":42},"end":{"line":75,"column":71}},{"start":{"line":75,"column":74},"end":{"line":75,"column":82}}],"line":75},"9":{"loc":{"start":{"line":80,"column":23},"end":{"line":80,"column":32}},"type":"default-arg","locations":[{"start":{"line":80,"column":30},"end":{"line":80,"column":32}}],"line":80},"10":{"loc":{"start":{"line":88,"column":22},"end":{"line":88,"column":31}},"type":"default-arg","locations":[{"start":{"line":88,"column":29},"end":{"line":88,"column":31}}],"line":88}},"s":{"0":0,"1":0,"2":0,"3":0,"4":0,"5":0,"6":0,"7":0,"8":0,"9":0,"10":0,"11":0,"12":0,"13":0,"14":0,"15":0,"16":0,"17":0,"18":0,"19":0,"20":0,"21":0,"22":0,"23":0,"24":0,"25":0,"26":0,"27":0,"28":0,"29":0,"30":0,"31":0,"32":0,"33":0,"34":0,"35":0,"36":0,"37":0,"38":0,"39":0,"40":0,"41":0,"42":0,"43":0,"44":0,"45":0,"46":0,"47":0,"48":0,"49":0,"50":0,"51":0,"52":0,"53":0,"54":0,"55":0,"56":0,"57":0,"58":0,"59":0,"60":0,"61":0,"62":0,"63":0,"64":0,"65":0,"66":0,"67":0,"68":0,"69":0,"70":0,"71":0,"72":0,"73":0,"74":0,"75":0,"76":0,"77":0,"78":0,"79":0,"80":0,"81":0},"f":{"0":0,"1":0,"2":0,"3":0,"4":0,"5":0,"6":0,"7":0,"8":0,"9":0,"10":0,"11":0,"12":0,"13":0,"14":0,"15":0,"16":0,"17":0,"18":0,"19":0,"20":0,"21":0,"22":0,"23":0,"24":0,"25":0,"26":0,"27":0,"28":0,"29":0,"30":0,"31":0},"b":{"0":[0,0],"1":[0,0],"2":[0],"3":[0,0],"4":[0,0],"5":[0,0],"6":[0,0],"7":[0],"8":[0,0],"9":[0],"10":[0]}}
[...]
,"column":4},"end":{"line":78,"column":5}},{"start":{},"end":{}}],"line":76},"19":{"loc":{"start":{"line":76,"column":8},"end":{"line":76,"column":64}},"type":"binary-expr","locations":[{"start":{"line":76,"column":8},"end":{"line":76,"column":34}},{"start":{"line":76,"column":38},"end":{"line":76,"column":64}}],"line":76},"20":{"loc":{"start":{"line":79,"column":9},"end":{"line":82,"column":3}},"type":"if","locations":[{"start":{"line":79,"column":9},"end":{"line":82,"column":3}},{"start":{},"end":{}}],"line":79},"21":{"loc":{"start":{"line":79,"column":13},"end":{"line":79,"column":58}},"type":"binary-expr","locations":[{"start":{"line":79,"column":13},"end":{"line":79,"column":27}},{"start":{"line":79,"column":31},"end":{"line":79,"column":58}}],"line":79},"22":{"loc":{"start":{"line":99,"column":2},"end":{"line":107,"column":3}},"type":"if","locations":[{"start":{"line":99,"column":2},"end":{"line":107,"column":3}},{"start":{"line":101,"column":9},"end":{"line":107,"column":3}}],"line":99},"23":{"loc":{"start":{"line":101,"column":9},"end":{"line":107,"column":3}},"type":"if","locations":[{"start":{"line":101,"column":9},"end":{"line":107,"column":3}},{"start":{"line":103,"column":9},"end":{"line":107,"column":3}}],"line":101},"24":{"loc":{"start":{"line":103,"column":9},"end":{"line":107,"column":3}},"type":"if","locations":[{"start":{"line":103,"column":9},"end":{"line":107,"column":3}},{"start":{"line":105,"column":9},"end":{"line":107,"column":3}}],"line":103},"25":{"loc":{"start":{"line":105,"column":9},"end":{"line":107,"column":3}},"type":"if","locations":[{"start":{"line":105,"column":9},"end":{"line":107,"column":3}},{"start":{},"end":{}}],"line":105},"26":{"loc":{"start":{"line":110,"column":2},"end":{"line":114,"column":3}},"type":"if","locations":[{"start":{"line":110,"column":2},"end":{"line":114,"column":3}},{"start":{"line":112,"column":9},"end":{"line":114,"column":3}}],"line":110},"27":{"loc":{"start":{"line":112,"column":9},"end":{"line":114,"column":3}},"type":"if","locations":[{"start":{"line":112,"column":9},"end":{"line":114,"column":3}},{"start":{},"end":{}}],"line":112},"28":{"loc":{"start":{"line":117,"column":2},"end":{"line":119,"column":3}},"type":"if","locations":[{"start":{"line":117,"column":2},"end":{"line":119,"column":3}},{"start":{},"end":{}}],"line":117},"29":{"loc":{"start":{"line":117,"column":6},"end":{"line":117,"column":41}},"type":"binary-expr","locations":[{"start":{"line":117,"column":6},"end":{"line":117,"column":15}},{"start":{"line":117,"column":19},"end":{"line":117,"column":41}}],"line":117},"30":{"loc":{"start":{"line":136,"column":2},"end":{"line":142,"column":3}},"type":"if","locations":[{"start":{"line":136,"column":2},"end":{"line":142,"column":3}},{"start":{"line":138,"column":9},"end":{"line":142,"column":3}}],"line":136},"31":{"loc":{"start":{"line":138,"column":9},"end":{"line":142,"column":3}},"type":"if","locations":[{"start":{"line":138,"column":9},"end":{"line":142,"column":3}},{"start":{"line":140,"column":9},"end":{"line":142,"column":3}}],"line":138},"32":{"loc":{"start":{"line":140,"column":9},"end":{"line":142,"column":3}},"type":"if","locations":[{"start":{"line":140,"column":9},"end":{"line":142,"column":3}},{"start":{},"end":{}}],"line":140},"33":{"loc":{"start":{"line":145,"column":2},"end":{"line":149,"column":3}},"type":"if","locations":[{"start":{"line":145,"column":2},"end":{"line":149,"column":3}},{"start":{"line":147,"column":9},"end":{"line":149,"column":3}}],"line":145},"34":{"loc":{"start":{"line":147,"column":9},"end":{"line":149,"column":3}},"type":"if","locations":[{"start":{"line":147,"column":9},"end":{"line":149,"column":3}},{"start":{},"end":{}}],"line":147},"35":{"loc":{"start":{"line":152,"column":2},"end":{"line":156,"column":3}},"type":"if","locations":[{"start":{"line":152,"column":2},"end":{"line":156,"column":3}},{"start":{"line":154,"column":9},"end":{"line":156,"column":3}}],"line":152},"36":{"loc":{"start":{"line":154,"column":9},"end":{"line":156,"column":3}},"type":"if","locations":[{"start":{"line":154,"column":9},"end":{"line":156,"column":3}},{"start":{},"end":{}}],"line":154},"37":{"loc":{"start":{"line":160,"column":2},"end":{"line":164,"column":3}},"type":"if","locations":[{"start":{"line":160,"column":2},"end":{"line":164,"column":3}},{"start":{"line":162,"column":9},"end":{"line":164,"column":3}}],"line":160},"38":{"loc":{"start":{"line":162,"column":9},"end":{"line":164,"column":3}},"type":"if","locations":[{"start":{"line":162,"column":9},"end":{"line":164,"column":3}},{"start":{},"end":{}}],"line":162},"39":{"loc":{"start":{"line":167,"column":2},"end":{"line":175,"column":3}},"type":"if","locations":[{"start":{"line":167,"column":2},"end":{"line":175,"column":3}},{"start":{},"end":{}}],"line":167},"40":{"loc":{"start":{"line":169,"column":6},"end":{"line":171,"column":7}},"type":"if","locations":[{"start":{"line":169,"column":6},"end":{"line":171,"column":7}},{"start":{},"end":{}}],"line":169},"41":{"loc":{"start":{"line":189,"column":38},"end":{"line":189,"column":50}},"type":"default-arg","locations":[{"start":{"line":189,"column":48},"end":{"line":189,"column":50}}],"line":189},"42":{"loc":{"start":{"line":191,"column":4},"end":{"line":191,"column":20}},"type":"default-arg","locations":[{"start":{"line":191,"column":15},"end":{"line":191,"column":20}}],"line":191},"43":{"loc":{"start":{"line":192,"column":4},"end":{"line":192,"column":17}},"type":"default-arg","locations":[{"start":{"line":192,"column":16},"end":{"line":192,"column":17}}],"line":192},"44":{"loc":{"start":{"line":193,"column":4},"end":{"line":193,"column":24}},"type":"default-arg","locations":[{"start":{"line":193,"column":16},"end":{"line":193,"column":24}}],"line":193},"45":{"loc":{"start":{"line":194,"column":4},"end":{"line":194,"column":18}},"type":"default-arg","locations":[{"start":{"line":194,"column":14},"end":{"line":194,"column":18}}],"line":194},"46":{"loc":{"start":{"line":195,"column":4},"end":{"line":195,"column":28}},"type":"default-arg","locations":[{"start":{"line":195,"column":21},"end":{"line":195,"column":28}}],"line":195},"47":{"loc":{"start":{"line":201,"column":2},"end":{"line":204,"column":3}},"type":"if","locations":[{"start":{"line":201,"column":2},"end":{"line":204,"column":3}},{"start":{},"end":{}}],"line":201},"48":{"loc":{"start":{"line":201,"column":6},"end":{"line":201,"column":49}},"type":"binary-expr","locations":[{"start":{"line":201,"column":6},"end":{"line":201,"column":14}},{"start":{"line":201,"column":19},"end":{"line":201,"column":25}},{"start":{"line":201,"column":29},"end":{"line":201,"column":48}}],"line":201},"49":{"loc":{"start":{"line":207,"column":2},"end":{"line":209,"column":3}},"type":"if","locations":[{"start":{"line":207,"column":2},"end":{"line":209,"column":3}},{"start":{},"end":{}}],"line":207},"50":{"loc":{"start":{"line":207,"column":6},"end":{"line":207,"column":50}},"type":"binary-expr","locations":[{"start":{"line":207,"column":6},"end":{"line":207,"column":15}},{"start":{"line":207,"column":20},"end":{"line":207,"column":26}},{"start":{"line":207,"column":30},"end":{"line":207,"column":49}}],"line":207},"51":{"loc":{"start":{"line":212,"column":2},"end":{"line":214,"column":3}},"type":"if","locations":[{"start":{"line":212,"column":2},"end":{"line":214,"column":3}},{"start":{},"end":{}}],"line":212},"52":{"loc":{"start":{"line":216,"column":2},"end":{"line":218,"column":3}},"type":"if","locations":[{"start":{"line":216,"column":2},"end":{"line":218,"column":3}},{"start":{},"end":{}}],"line":216},"53":{"loc":{"start":{"line":221,"column":2},"end":{"line":223,"column":3}},"type":"if","locations":[{"start":{"line":221,"column":2},"end":{"line":223,"column":3}},{"start":{},"end":{}}],"line":221},"54":{"loc":{"start":{"line":221,"column":6},"end":{"line":221,"column":37}},"type":"binary-expr","locations":[{"start":{"line":221,"column":6},"end":{"line":221,"column":13}},{"start":{"line":221,"column":17},"end":{"line":221,"column":37}}],"line":221},"55":{"loc":{"start":{"line":237,"column":38},"end":{"line":237,"column":50}},"type":"default-arg","locations":[{"start":{"line":237,"column":48},"end":{"line":237,"column":50}}],"line":237},"56":{"loc":{"start":{"line":239,"column":4},"end":{"line":239,"column":20}},"type":"default-arg","locations":[{"start":{"line":239,"column":15},"end":{"line":239,"column":20}}],"line":239},"57":{"loc":{"start":{"line":240,"column":4},"end":{"line":240,"column":19}},"type":"default-arg","locations":[{"start":{"line":240,"column":10},"end":{"line":240,"column":19}}],"line":240},"58":{"loc":{"start":{"line":241,"column":4},"end":{"line":241,"column":18}},"type":"default-arg","locations":[{"start":{"line":241,"column":10},"end":{"line":241,"column":18}}],"line":241},"59":{"loc":{"start":{"line":242,"column":4},"end":{"line":242,"column":19}},"type":"default-arg","locations":[{"start":{"line":242,"column":14},"end":{"line":242,"column":19}}],"line":242},"60":{"loc":{"start":{"line":248,"column":2},"end":{"line":251,"column":3}},"type":"if","locations":[{"start":{"line":248,"column":2},"end":{"line":251,"column":3}},{"start":{},"end":{}}],"line":248},"61":{"loc":{"start":{"line":248,"column":6},"end":{"line":248,"column":73}},"type":"binary-expr","locations":[{"start":{"line":248,"column":6},"end":{"line":248,"column":14}},{"start":{"line":248,"column":19},"end":{"line":248,"column":33}},{"start":{"line":248,"column":37},"end":{"line":248,"column":56}},{"start":{"line":248,"column":60},"end":{"line":248,"column":72}}],"line":248},"62":{"loc":{"start":{"line":254,"column":2},"end":{"line":256,"column":3}},"type":"if","locations":[{"start":{"line":254,"column":2},"end":{"line":256,"column":3}},{"start":{},"end":{}}],"line":254},"63":{"loc":{"start":{"line":254,"column":6},"end":{"line":254,"column":74}},"type":"binary-expr","locations":[{"start":{"line":254,"column":6},"end":{"line":254,"column":15}},{"start":{"line":254,"column":20},"end":{"line":254,"column":34}},{"start":{"line":254,"column":38},"end":{"line":254,"column":57}},{"start":{"line":254,"column":61},"end":{"line":254,"column":73}}],"line":254},"64":{"loc":{"start":{"line":260,"column":2},"end":{"line":263,"column":3}},"type":"if","locations":[{"start":{"line":260,"column":2},"end":{"line":263,"column":3}},{"start":{},"end":{}}],"line":260},"65":{"loc":{"start":{"line":266,"column":2},"end":{"line":268,"column":3}},"type":"if","locations":[{"start":{"line":266,"column":2},"end":{"line":268,"column":3}},{"start":{},"end":{}}],"line":266},"66":{"loc":{"start":{"line":266,"column":6},"end":{"line":266,"column":44}},"type":"binary-expr","locations":[{"start":{"line":266,"column":6},"end":{"line":266,"column":13}},{"start":{"line":266,"column":17},"end":{"line":266,"column":44}}],"line":266},"67":{"loc":{"start":{"line":271,"column":2},"end":{"line":273,"column":3}},"type":"if","locations":[{"start":{"line":271,"column":2},"end":{"line":273,"column":3}},{"start":{},"end":{}}],"line":271},"68":{"loc":{"start":{"line":275,"column":2},"end":{"line":277,"column":3}},"type":"if","locations":[{"start":{"line":275,"column":2},"end":{"line":277,"column":3}},{"start":{},"end":{}}],"line":275},"69":{"loc":{"start":{"line":302,"column":6},"end":{"line":304,"column":7}},"type":"if","locations":[{"start":{"line":302,"column":6},"end":{"line":304,"column":7}},{"start":{},"end":{}}],"line":302},"70":{"loc":{"start":{"line":307,"column":4},"end":{"line":310,"column":5}},"type":"if","locations":[{"start":{"line":307,"column":4},"end":{"line":310,"column":5}},{"start":{},"end":{}}],"line":307},"71":{"loc":{"start":{"line":327,"column":2},"end":{"line":330,"column":3}},"type":"if","locations":[{"start":{"line":327,"column":2},"end":{"line":330,"column":3}},{"start":{},"end":{}}],"line":327},"72":{"loc":{"start":{"line":327,"column":6},"end":{"line":327,"column":35}},"type":"binary-expr","locations":[{"start":{"line":327,"column":6},"end":{"line":327,"column":12}},{"start":{"line":327,"column":16},"end":{"line":327,"column":35}}],"line":327},"73":{"loc":{"start":{"line":333,"column":2},"end":{"line":335,"column":3}},"type":"if","locations":[{"start":{"line":333,"column":2},"end":{"line":335,"column":3}},{"start":{},"end":{}}],"line":333},"74":{"loc":{"start":{"line":337,"column":2},"end":{"line":339,"column":3}},"type":"if","locations":[{"start":{"line":337,"column":2},"end":{"line":339,"column":3}},{"start":{},"end":{}}],"line":337},"75":{"loc":{"start":{"line":355,"column":2},"end":{"line":358,"column":3}},"type":"if","locations":[{"start":{"line":355,"column":2},"end":{"line":358,"column":3}},{"start":{},"end":{}}],"line":355},"76":{"loc":{"start":{"line":355,"column":6},"end":{"line":355,"column":41}},"type":"binary-expr","locations":[{"start":{"line":355,"column":6},"end":{"line":355,"column":15}},{"start":{"line":355,"column":19},"end":{"line":355,"column":41}}],"line":355},"77":{"loc":{"start":{"line":360,"column":2},"end":{"line":362,"column":3}},"type":"if","locations":[{"start":{"line":360,"column":2},"end":{"line":362,"column":3}},{"start":{},"end":{}}],"line":360},"78":{"loc":{"start":{"line":364,"column":2},"end":{"line":366,"column":3}},"type":"if","locations":[{"start":{"line":364,"column":2},"end":{"line":366,"column":3}},{"start":{},"end":{}}],"line":364},"79":{"loc":{"start":{"line":368,"column":2},"end":{"line":370,"column":3}},"type":"if","locations":[{"start":{"line":368,"column":2},"end":{"line":370,"column":3}},{"start":{},"end":{}}],"line":368},"80":{"loc":{"start":{"line":372,"column":2},"end":{"line":374,"column":3}},"type":"if","locations":[{"start":{"line":372,"column":2},"end":{"line":374,"column":3}},{"start":{},"end":{}}],"line":372},"81":{"loc":{"start":{"line":376,"column":2},"end":{"line":378,"column":3}},"type":"if","locations":[{"start":{"line":376,"column":2},"end":{"line":378,"column":3}},{"start":{},"end":{}}],"line":376},"82":{"loc":{"start":{"line":394,"column":2},"end":{"line":397,"column":3}},"type":"if","locations":[{"start":{"line":394,"column":2},"end":{"line":397,"column":3}},{"start":{},"end":{}}],"line":394},"83":{"loc":{"start":{"line":394,"column":6},"end":{"line":394,"column":41}},"type":"binary-expr","locations":[{"start":{"line":394,"column":6},"end":{"line":394,"column":15}},{"start":{"line":394,"column":19},"end":{"line":394,"column":41}}],"line":394},"84":{"loc":{"start":{"line":399,"column":2},"end":{"line":401,"column":3}},"type":"if","locations":[{"start":{"line":399,"column":2},"end":{"line":401,"column":3}},{"start":{},"end":{}}],"line":399},"85":{"loc":{"start":{"line":399,"column":6},"end":{"line":399,"column":49}},"type":"binary-expr","locations":[{"start":{"line":399,"column":6},"end":{"line":399,"column":25}},{"start":{"line":399,"column":29},"end":{"line":399,"column":49}}],"line":399},"86":{"loc":{"start":{"line":403,"column":2},"end":{"line":405,"column":3}},"type":"if","locations":[{"start":{"line":403,"column":2},"end":{"line":405,"column":3}},{"start":{},"end":{}}],"line":403},"87":{"loc":{"start":{"line":419,"column":40},"end":{"line":419,"column":65}},"type":"default-arg","locations":[{"start":{"line":419,"column":56},"end":{"line":419,"column":65}}],"line":419},"88":{"loc":{"start":{"line":422,"column":2},"end":{"line":425,"column":3}},"type":"if","locations":[{"start":{"line":422,"column":2},"end":{"line":425,"column":3}},{"start":{},"end":{}}],"line":422},"89":{"loc":{"start":{"line":422,"column":6},"end":{"line":423,"column":56}},"type":"binary-expr","locations":[{"start":{"line":422,"column":6},"end":{"line":422,"column":20}},{"start":{"line":422,"column":24},"end":{"line":422,"column":43}},{"start":{"line":422,"column":47},"end":{"line":422,"column":59}},{"start":{"line":423,"column":7},"end":{"line":423,"column":32}},{"start":{"line":423,"column":36},"end":{"line":423,"column":55}}],"line":422},"90":{"loc":{"start":{"line":442,"column":2},"end":{"line":444,"column":3}},"type":"if","locations":[{"start":{"line":442,"column":2},"end":{"line":444,"column":3}},{"start":{},"end":{}}],"line":442},"91":{"loc":{"start":{"line":442,"column":6},"end":{"line":442,"column":40}},"type":"binary-expr","locations":[{"start":{"line":442,"column":6},"end":{"line":442,"column":12}},{"start":{"line":442,"column":16},"end":{"line":442,"column":40}}],"line":442},"92":{"loc":{"start":{"line":461,"column":2},"end":{"line":463,"column":3}},"type":"if","locations":[{"start":{"line":461,"column":2},"end":{"line":463,"column":3}},{"start":{},"end":{}}],"line":461},"93":{"loc":{"start":{"line":461,"column":6},"end":{"line":461,"column":39}},"type":"binary-expr","locations":[{"start":{"line":461,"column":6},"end":{"line":461,"column":11}},{"start":{"line":461,"column":15},"end":{"line":461,"column":39}}],"line":461},"94":{"loc":{"start":{"line":490,"column":10},"end":{"line":493,"column":11}},"type":"if","locations":[{"start":{"line":490,"column":10},"end":{"line":493,"column":11}},{"start":{},"end":{}}],"line":490},"95":{"loc":{"start":{"line":500,"column":6},"end":{"line":503,"column":7}},"type":"if","locations":[{"start":{"line":500,"column":6},"end":{"line":503,"column":7}},{"start":{},"end":{}}],"line":500}},"s":{"0":11,"1":11,"2":2,"3":9,"4":1,"5":8,"6":1,"7":7,"8":1,"9":11,"10":2,"11":9,"12":1,"13":8,"14":1,"15":11,"16":15,"17":15,"18":1,"19":14,"20":1,"21":13,"22":2,"23":11,"24":1,"25":15,"26":1,"27":14,"28":1,"29":15,"30":15,"31":1,"32":15,"33":1,"34":0,"35":14,"36":1,"37":15,"38":12,"39":12,"40":1,"41":11,"42":1,"43":10,"44":1,"45":9,"46":1,"47":12,"48":1,"49":11,"50":1,"51":12,"52":1,"53":12,"54":11,"55":11,"56":2,"57":9,"58":1,"59":8,"60":1,"61":11,"62":2,"63":9,"64":1,"65":11,"66":1,"67":10,"68":2,"69":11,"70":11,"71":8,"72":3,"73":0,"74":11,"75":0,"76":0,"77":0,"78":0,"79":11,"80":0,"81":0,"82":0,"83":0,"84":0,"85":0,"86":0,"87":0,"88":0,"89":0,"90":0,"91":0,"92":0,"93":0,"94":0,"95":0,"96":0,"97":0,"98":0,"99":0,"100":0,"101":0,"102":0,"103":0,"104":0,"105":0,"106":0,"107":0,"108":0,"109":0,"110":0,"111":0,"112":0,"113":0,"114":0,"115":0,"116":0,"117":0,"118":0,"119":0,"120":0,"121":0,"122":0,"123":0,"124":0,"125":25,"126":25,"127":3,"128":3,"129":21,"130":21,"131":7,"132":21,"133":1,"134":21,"135":19,"136":19,"137":3,"138":3,"139":16,"140":5,"141":16,"142":5,"143":16,"144":2,"145":16,"146":4,"147":16,"148":5,"149":16,"150":18,"151":18,"152":3,"153":3,"154":15,"155":2,"156":15,"157":7,"158":15,"159":31,"160":31,"161":13,"162":31,"163":7,"164":7,"165":3,"166":7,"167":5,"168":5,"169":2,"170":5,"171":8,"172":8,"173":8,"174":8,"175":21,"176":21,"177":21,"178":34,"179":34,"180":33,"181":10,"182":10,"183":1,"184":21,"185":10,"186":10,"187":0,"188":0,"189":8},"f":{"0":11,"1":15,"2":12,"3":11,"4":0,"5":0,"6":0,"7":25,"8":19,"9":18,"10":31,"11":7,"12":5,"13":8},"b":{"0":[2,9],"1":[1,8],"2":[1,7],"3":[1,6],"4":[2,9],"5":[1,8],"6":[1,7],"7":[1,14],"8":[15,14,14],"9":[1,13],"10":[2,11],"11":[1,10],"12":[1,14],"13":[1,13],"14":[1,14],"15":[15,14],"16":[1,14],"17":[15,14],"18":[0,1],"19":[1,1],"20":[1,13],"21":[14,13],"22":[1,11],"23":[1,10],"24":[1,9],"25":[1,8],"26":[1,11],"27":[1,10],"28":[1,11],"29":[12,3],"30":[2,9],"31":[1,8],"32":[1,7],"33":[2,9],"34":[1,8],"35":[1,10],"36":[2,8],"37":[8,3],"38":[0,3],"39":[0,11],"40":[0,0],"41":[0],"42":[0],"43":[0],"44":[0],"45":[0],"46":[0],"47":[0,0],"48":[0,0,0],"49":[0,0],"50":[0,0,0],"51":[0,0],"52":[0,0],"53":[0,0],"54":[0,0],"55":[0],"56":[0],"57":[0],"58":[0],"59":[0],"60":[0,0],"61":[0,0,0,0],"62":[0,0],"63":[0,0,0,0],"64":[0,0],"65":[0,0],"66":[0,0],"67":[0,0],"68":[0,0],"69":[0,0],"70":[0,0],"71":[3,21],"72":[25,22],"73":[7,14],"74":[1,20],"75":[3,16],"76":[19,16],"77":[5,11],"78":[5,11],"79":[2,14],"80":[4,12],"81":[5,11],"82":[3,15],"83":[18,15],"84":[2,13],"85":[15,14],"86":[7,8],"87":[30],"88":[13,18],"89":[31,30,24,20,18],"90":[3,4],"91":[7,6],"92":[2,3],"93":[5,4],"94":[10,23],"95":[10,11]},"_coverageSchema":"1a1c01bbd47fc00a2c39e90264f33305004495a9","hash":"411855565937bd5439d14972531281c96a8750b8"}
}
