TN:
SF:src/App.jsx
FN:11,ProtectedRoute
FN:24,AppRoutes
FN:41,AppProviders
FN:53,App
FNF:4
FNH:4
FNDA:2,ProtectedRoute
FNDA:3,AppRoutes
FNDA:3,AppProviders
FNDA:41,App
DA:12,2
DA:14,2
DA:16,2
DA:17,1
DA:20,1
DA:25,3
DA:42,3
DA:54,41
LF:8
LH:8
BRDA:16,0,0,1
BRDA:16,0,1,1
BRDA:20,1,0,0
BRDA:20,1,1,1
BRF:4
BRH:3
end_of_record
TN:
SF:src/components/ThemeToggle.jsx
FN:6,ThemeToggle
FN:13,(anonymous_1)
FNF:2
FNH:2
FNDA:14,ThemeToggle
FNDA:2,(anonymous_1)
DA:7,14
DA:8,14
DA:13,2
LF:3
LH:3
BRDA:13,0,0,1
BRDA:13,0,1,1
BRF:2
BRH:2
end_of_record
TN:
SF:src/components/Layout/AppLayout.jsx
FN:10,(anonymous_0)
FNF:1
FNH:1
FNDA:9,(anonymous_0)
DA:10,1
DA:11,9
DA:38,1
LF:3
LH:3
BRDA:10,0,0,9
BRDA:10,1,0,9
BRDA:13,2,0,9
BRDA:13,2,1,9
BRDA:27,3,0,9
BRDA:27,3,1,0
BRF:6
BRH:5
end_of_record
TN:
SF:src/components/StatusBar/StatusBar.jsx
FN:21,getDefaultMessage
FN:46,StatusBar
FNF:2
FNH:2
FNDA:33,getDefaultMessage
FNDA:35,StatusBar
DA:8,2
DA:22,33
DA:24,14
DA:27,9
DA:30,1
DA:32,1
DA:34,1
DA:36,1
DA:38,3
DA:40,3
DA:42,0
DA:47,35
DA:48,35
DA:50,35
LF:14
LH:13
BRDA:22,0,0,14
BRDA:22,0,1,2
BRDA:22,0,2,9
BRDA:22,0,3,1
BRDA:22,0,4,1
BRDA:22,0,5,1
BRDA:22,0,6,1
BRDA:22,0,7,1
BRDA:22,0,8,3
BRDA:22,0,9,3
BRDA:22,0,10,0
BRDA:48,1,0,35
BRDA:48,1,1,21
BRDA:52,2,0,35
BRDA:52,2,1,0
BRDA:62,3,0,1
BRDA:62,3,1,34
BRDA:67,4,0,35
BRDA:67,4,1,33
BRF:19
BRH:17
end_of_record
TN:
SF:src/components/VoiceRecorder/VoiceRecorder.jsx
FN:7,VoiceRecorder
FN:11,(anonymous_1)
FNF:2
FNH:2
FNDA:55,VoiceRecorder
FNDA:20,(anonymous_1)
DA:8,55
DA:9,55
DA:11,55
DA:12,20
DA:13,5
DA:14,5
DA:15,2
DA:16,2
DA:19,15
DA:20,15
DA:24,55
LF:11
LH:11
BRDA:12,0,0,5
BRDA:12,0,1,15
BRDA:14,1,0,2
BRDA:14,1,1,3
BRDA:14,2,0,5
BRDA:14,2,1,3
BRDA:27,3,0,14
BRDA:27,3,1,41
BRDA:33,4,0,14
BRDA:33,4,1,41
BRDA:35,5,0,14
BRDA:35,5,1,41
BRDA:38,6,0,55
BRDA:38,6,1,12
BRDA:44,7,0,55
BRDA:44,7,1,6
BRF:16
BRH:16
end_of_record
TN:
SF:src/components/common/Button.jsx
FN:10,(anonymous_0)
FNF:1
FNH:0
FNDA:0,(anonymous_0)
DA:10,0
DA:24,0
DA:39,0
DA:46,0
DA:48,0
LF:5
LH:0
BRDA:12,0,0,0
BRDA:13,1,0,0
BRDA:14,2,0,0
BRDA:15,3,0,0
BRDA:16,4,0,0
BRDA:17,5,0,0
BRDA:19,6,0,0
BRDA:20,7,0,0
BRF:8
BRH:0
end_of_record
TN:
SF:src/contexts/AuthContext.jsx
FN:24,authReducer
FN:67,AuthProvider
FN:71,(anonymous_2)
FN:98,(anonymous_3)
FN:138,(anonymous_4)
FN:157,(anonymous_5)
FN:181,useAuth
FNF:7
FNH:5
FNDA:29,authReducer
FNDA:55,AuthProvider
FNDA:27,(anonymous_2)
FNDA:2,(anonymous_3)
FNDA:0,(anonymous_4)
FNDA:0,(anonymous_5)
FNDA:27,useAuth
DA:5,3
DA:15,3
DA:25,29
DA:27,1
DA:29,0
DA:39,1
DA:49,27
DA:54,0
DA:59,0
DA:64,3
DA:68,55
DA:71,55
DA:72,27
DA:74,27
DA:75,27
DA:76,27
DA:77,27
DA:79,27
DA:81,27
DA:82,0
DA:83,0
DA:92,27
DA:93,27
DA:98,55
DA:99,2
DA:100,2
DA:102,2
DA:103,2
DA:104,2
DA:105,2
DA:108,2
DA:109,0
DA:110,0
DA:111,0
DA:113,0
DA:115,0
DA:124,0
DA:125,0
DA:127,2
DA:128,2
DA:133,2
DA:138,55
DA:139,0
DA:140,0
DA:142,0
DA:144,0
DA:149,0
DA:151,0
DA:152,0
DA:157,55
DA:158,0
DA:159,0
DA:160,0
DA:161,0
DA:163,0
DA:166,55
DA:173,55
DA:182,27
DA:183,27
DA:184,0
DA:186,27
LF:61
LH:36
BRDA:25,0,0,1
BRDA:25,0,1,0
BRDA:25,0,2,1
BRDA:25,0,3,27
BRDA:25,0,4,0
BRDA:25,0,5,0
BRDA:79,1,0,0
BRDA:79,1,1,27
BRDA:81,2,0,0
BRDA:81,2,1,27
BRDA:81,3,0,27
BRDA:81,3,1,0
BRDA:81,3,2,0
BRDA:183,4,0,0
BRDA:183,4,1,27
BRF:15
BRH:7
end_of_record
TN:
SF:src/contexts/SessionContext.jsx
FN:27,sessionReducer
FN:54,SessionProvider
FN:58,(anonymous_2)
FN:59,(anonymous_3)
FN:60,(anonymous_4)
FN:61,(anonymous_5)
FN:62,(anonymous_6)
FN:63,(anonymous_7)
FN:64,(anonymous_8)
FN:65,(anonymous_9)
FN:87,useSession
FNF:11
FNH:11
FNDA:39,sessionReducer
FNDA:93,SessionProvider
FNDA:3,(anonymous_2)
FNDA:22,(anonymous_3)
FNDA:6,(anonymous_4)
FNDA:1,(anonymous_5)
FNDA:2,(anonymous_6)
FNDA:1,(anonymous_7)
FNDA:3,(anonymous_8)
FNDA:1,(anonymous_9)
FNDA:142,useSession
DA:4,6
DA:15,6
DA:28,39
DA:30,3
DA:32,22
DA:34,6
DA:36,1
DA:38,2
DA:40,1
DA:42,3
DA:44,1
DA:46,0
DA:51,6
DA:55,93
DA:58,93
DA:59,93
DA:60,93
DA:61,93
DA:62,93
DA:63,93
DA:64,93
DA:65,93
DA:67,93
DA:79,93
DA:88,142
DA:89,137
DA:90,4
DA:92,133
LF:28
LH:27
BRDA:28,0,0,3
BRDA:28,0,1,22
BRDA:28,0,2,6
BRDA:28,0,3,1
BRDA:28,0,4,2
BRDA:28,0,5,1
BRDA:28,0,6,3
BRDA:28,0,7,1
BRDA:28,0,8,0
BRDA:89,1,0,4
BRDA:89,1,1,133
BRF:11
BRH:10
end_of_record
TN:
SF:src/contexts/ThemeContext.jsx
FN:10,(anonymous_0)
FN:13,ThemeProvider
FN:14,(anonymous_2)
FN:23,(anonymous_3)
FN:24,(anonymous_4)
FN:27,(anonymous_5)
FN:39,useTheme
FNF:7
FNH:6
FNDA:0,(anonymous_0)
FNDA:51,ThemeProvider
FNDA:45,(anonymous_2)
FNDA:3,(anonymous_3)
FNDA:3,(anonymous_4)
FNDA:51,(anonymous_5)
FNDA:24,useTheme
DA:3,6
DA:8,6
DA:14,51
DA:15,45
DA:17,45
DA:18,23
DA:20,22
DA:23,51
DA:24,3
DA:27,51
DA:28,51
DA:29,51
DA:32,51
DA:40,24
LF:14
LH:14
BRDA:17,0,0,23
BRDA:17,0,1,22
BRDA:17,1,0,45
BRDA:17,1,1,24
BRDA:24,2,0,2
BRDA:24,2,1,1
BRF:6
BRH:6
end_of_record
TN:
SF:src/hooks/useTTS.js
FN:3,useTTS
FN:7,(anonymous_1)
FN:26,(anonymous_2)
FN:30,(anonymous_3)
FN:34,(anonymous_4)
FN:47,(anonymous_5)
FNF:6
FNH:6
FNDA:28,useTTS
FNDA:14,(anonymous_1)
FNDA:3,(anonymous_2)
FNDA:2,(anonymous_3)
FNDA:2,(anonymous_4)
FNDA:2,(anonymous_5)
DA:4,28
DA:5,28
DA:7,28
DA:8,14
DA:10,14
DA:12,14
DA:13,1
DA:17,13
DA:20,13
DA:21,13
DA:22,13
DA:23,13
DA:26,13
DA:27,3
DA:30,13
DA:31,2
DA:34,13
DA:35,2
DA:36,2
DA:40,13
DA:42,1
DA:47,28
DA:48,2
DA:49,2
DA:50,2
DA:54,28
LF:26
LH:26
BRDA:12,0,0,1
BRDA:12,0,1,13
BRDA:48,1,0,2
BRDA:48,1,1,0
BRF:4
BRH:3
end_of_record
TN:
SF:src/hooks/useVoice.js
FN:3,useVoice
FN:10,(anonymous_1)
FN:29,(anonymous_2)
FN:35,(anonymous_3)
FN:40,(anonymous_4)
FN:54,(anonymous_5)
FN:63,(anonymous_6)
FNF:7
FNH:6
FNDA:51,useVoice
FNDA:18,(anonymous_1)
FNDA:5,(anonymous_2)
FNDA:3,(anonymous_3)
FNDA:2,(anonymous_4)
FNDA:3,(anonymous_5)
FNDA:0,(anonymous_6)
DA:4,51
DA:5,51
DA:6,51
DA:7,51
DA:10,51
DA:11,18
DA:13,18
DA:15,18
DA:16,1
DA:20,17
DA:21,17
DA:24,17
DA:25,17
DA:26,17
DA:29,17
DA:30,5
DA:31,5
DA:32,5
DA:35,17
DA:36,3
DA:37,3
DA:40,17
DA:41,2
DA:45,17
DA:46,17
DA:47,17
DA:49,1
DA:54,51
DA:55,3
DA:56,3
DA:58,3
DA:59,3
DA:63,51
DA:64,0
DA:67,51
LF:35
LH:34
BRDA:15,0,0,1
BRDA:15,0,1,17
BRDA:15,1,0,18
BRDA:15,1,1,1
BRDA:20,2,0,17
BRDA:20,2,1,0
BRDA:55,3,0,3
BRDA:55,3,1,0
BRF:8
BRH:6
end_of_record
TN:
SF:src/mocks/browser.js
FNF:0
FNH:0
DA:5,0
LF:1
LH:0
BRF:0
BRH:0
end_of_record
TN:
SF:src/mocks/handlers.js
FN:95,(anonymous_0)
FN:101,(anonymous_1)
FN:126,(anonymous_2)
FN:149,(anonymous_3)
FN:228,(anonymous_4)
FN:321,(anonymous_5)
FN:331,(anonymous_6)
FN:350,(anonymous_7)
FN:364,(anonymous_8)
FN:373,(anonymous_9)
FN:393,(anonymous_10)
FN:397,(anonymous_11)
FN:421,(anonymous_12)
FN:424,(anonymous_13)
FNF:14
FNH:0
FNDA:0,(anonymous_0)
FNDA:0,(anonymous_1)
FNDA:0,(anonymous_2)
FNDA:0,(anonymous_3)
FNDA:0,(anonymous_4)
FNDA:0,(anonymous_5)
FNDA:0,(anonymous_6)
FNDA:0,(anonymous_7)
FNDA:0,(anonymous_8)
FNDA:0,(anonymous_9)
FNDA:0,(anonymous_10)
FNDA:0,(anonymous_11)
FNDA:0,(anonymous_12)
FNDA:0,(anonymous_13)
DA:4,0
DA:30,0
DA:33,0
DA:77,0
DA:93,0
DA:96,0
DA:97,0
DA:98,0
DA:101,0
DA:103,0
DA:104,0
DA:111,0
DA:113,0
DA:127,0
DA:129,0
DA:130,0
DA:137,0
DA:139,0
DA:150,0
DA:153,0
DA:154,0
DA:155,0
DA:156,0
DA:158,0
DA:160,0
DA:161,0
DA:164,0
DA:165,0
DA:167,0
DA:168,0
DA:170,0
DA:182,0
DA:183,0
DA:184,0
DA:186,0
DA:196,0
DA:197,0
DA:198,0
DA:200,0
DA:211,0
DA:215,0
DA:229,0
DA:231,0
DA:232,0
DA:238,0
DA:239,0
DA:241,0
DA:243,0
DA:245,0
DA:256,0
DA:259,0
DA:268,0
DA:271,0
DA:302,0
DA:305,0
DA:313,0
DA:322,0
DA:332,0
DA:351,0
DA:354,0
DA:365,0
DA:374,0
DA:376,0
DA:382,0
DA:384,0
DA:394,0
DA:395,0
DA:397,0
DA:399,0
DA:400,0
DA:406,0
DA:412,0
DA:422,0
DA:424,0
DA:426,0
DA:427,0
DA:433,0
DA:435,0
LF:78
LH:0
BRDA:101,0,0,0
BRDA:101,0,1,0
BRDA:103,1,0,0
BRDA:103,1,1,0
BRDA:129,2,0,0
BRDA:129,2,1,0
BRDA:129,3,0,0
BRDA:129,3,1,0
BRDA:160,4,0,0
BRDA:160,4,1,0
BRDA:160,5,0,0
BRDA:160,5,1,0
BRDA:160,5,2,0
BRDA:165,6,0,0
BRDA:165,6,1,0
BRDA:168,7,0,0
BRDA:168,7,1,0
BRDA:183,8,0,0
BRDA:183,8,1,0
BRDA:183,9,0,0
BRDA:183,9,1,0
BRDA:197,10,0,0
BRDA:197,10,1,0
BRDA:197,11,0,0
BRDA:197,11,1,0
BRDA:231,12,0,0
BRDA:231,12,1,0
BRDA:231,13,0,0
BRDA:231,13,1,0
BRDA:243,14,0,0
BRDA:243,14,1,0
BRDA:243,14,2,0
BRDA:243,14,3,0
BRDA:261,15,0,0
BRDA:261,15,1,0
BRDA:263,16,0,0
BRDA:263,16,1,0
BRDA:298,17,0,0
BRDA:298,17,1,0
BRDA:299,18,0,0
BRDA:299,18,1,0
BRDA:399,19,0,0
BRDA:399,19,1,0
BRDA:426,20,0,0
BRDA:426,20,1,0
BRF:45
BRH:0
end_of_record
TN:
SF:src/pages/MainPage/MainPage.jsx
FN:10,MainPage
FN:27,(anonymous_1)
FN:53,(anonymous_2)
FN:70,(anonymous_3)
FN:85,(anonymous_4)
FN:92,(anonymous_5)
FNF:6
FNH:2
FNDA:22,MainPage
FNDA:1,(anonymous_1)
FNDA:0,(anonymous_2)
FNDA:0,(anonymous_3)
FNDA:0,(anonymous_4)
FNDA:0,(anonymous_5)
DA:22,22
DA:24,21
DA:27,21
DA:28,1
DA:29,1
DA:30,1
DA:33,1
DA:35,1
DA:37,0
DA:38,0
DA:39,0
DA:40,0
DA:43,0
DA:46,1
DA:47,1
DA:48,1
DA:53,21
DA:54,0
DA:55,0
DA:56,0
DA:58,0
DA:60,0
DA:61,0
DA:62,0
DA:65,0
DA:66,0
DA:70,0
DA:71,0
DA:72,0
DA:73,0
DA:74,0
DA:78,0
DA:79,0
DA:80,0
DA:85,21
DA:86,0
DA:87,0
DA:92,21
DA:93,0
DA:94,0
DA:95,0
DA:96,0
DA:99,21
LF:43
LH:15
BRDA:35,0,0,0
BRDA:35,0,1,0
BRDA:65,1,0,0
BRDA:65,1,1,0
BRDA:65,2,0,0
BRDA:65,2,1,0
BRDA:86,3,0,0
BRDA:86,3,1,0
BRDA:113,4,0,21
BRDA:113,4,1,0
BRDA:113,4,2,0
BRDA:138,5,0,21
BRDA:138,5,1,0
BRDA:138,5,2,0
BRDA:142,6,0,0
BRDA:142,6,1,0
BRDA:143,7,0,0
BRDA:143,7,1,0
BRF:18
BRH:2
end_of_record
TN:
SF:src/pages/user/LoginPage.jsx
FN:7,LoginPage
FN:12,(anonymous_1)
FNF:2
FNH:2
FNDA:26,LoginPage
FNDA:2,(anonymous_1)
DA:8,26
DA:9,25
DA:10,25
DA:12,25
DA:13,2
DA:14,2
DA:16,2
DA:17,2
DA:18,2
DA:19,0
DA:21,0
DA:25,0
DA:27,2
DA:28,2
DA:33,2
DA:37,25
LF:16
LH:13
BRDA:29,0,0,2
BRDA:29,0,1,0
BRF:2
BRH:1
end_of_record
TN:
SF:src/services/apiClient.js
FN:11,(anonymous_0)
FN:17,(anonymous_1)
FN:23,(anonymous_2)
FN:47,(anonymous_3)
FN:73,(anonymous_4)
FN:80,(anonymous_5)
FN:88,(anonymous_6)
FN:96,(anonymous_7)
FN:101,(anonymous_8)
FN:123,(anonymous_9)
FN:128,(anonymous_10)
FN:133,(anonymous_11)
FN:138,(anonymous_12)
FN:143,(anonymous_13)
FN:148,(anonymous_14)
FN:152,(anonymous_15)
FN:156,(anonymous_16)
FN:160,(anonymous_17)
FN:165,(anonymous_18)
FN:169,(anonymous_19)
FN:178,(anonymous_20)
FN:179,(anonymous_21)
FN:180,(anonymous_22)
FN:181,(anonymous_23)
FN:182,(anonymous_24)
FN:183,(anonymous_25)
FN:184,(anonymous_26)
FN:185,(anonymous_27)
FN:186,(anonymous_28)
FN:187,(anonymous_29)
FN:188,(anonymous_30)
FN:189,(anonymous_31)
FNF:32
FNH:0
FNDA:0,(anonymous_0)
FNDA:0,(anonymous_1)
FNDA:0,(anonymous_2)
FNDA:0,(anonymous_3)
FNDA:0,(anonymous_4)
FNDA:0,(anonymous_5)
FNDA:0,(anonymous_6)
FNDA:0,(anonymous_7)
FNDA:0,(anonymous_8)
FNDA:0,(anonymous_9)
FNDA:0,(anonymous_10)
FNDA:0,(anonymous_11)
FNDA:0,(anonymous_12)
FNDA:0,(anonymous_13)
FNDA:0,(anonymous_14)
FNDA:0,(anonymous_15)
FNDA:0,(anonymous_16)
FNDA:0,(anonymous_17)
FNDA:0,(anonymous_18)
FNDA:0,(anonymous_19)
FNDA:0,(anonymous_20)
FNDA:0,(anonymous_21)
FNDA:0,(anonymous_22)
FNDA:0,(anonymous_23)
FNDA:0,(anonymous_24)
FNDA:0,(anonymous_25)
FNDA:0,(anonymous_26)
FNDA:0,(anonymous_27)
FNDA:0,(anonymous_28)
FNDA:0,(anonymous_29)
FNDA:0,(anonymous_30)
FNDA:0,(anonymous_31)
DA:2,0
DA:5,0
DA:6,0
DA:7,0
DA:8,0
DA:12,0
DA:13,0
DA:18,0
DA:19,0
DA:24,0
DA:25,0
DA:26,0
DA:28,0
DA:37,0
DA:38,0
DA:39,0
DA:41,0
DA:43,0
DA:44,0
DA:46,0
DA:47,0
DA:48,0
DA:49,0
DA:52,0
DA:53,0
DA:54,0
DA:56,0
DA:57,0
DA:64,0
DA:65,0
DA:68,0
DA:74,0
DA:75,0
DA:76,0
DA:81,0
DA:89,0
DA:97,0
DA:102,0
DA:104,0
DA:105,0
DA:106,0
DA:108,0
DA:110,0
DA:118,0
DA:119,0
DA:124,0
DA:129,0
DA:134,0
DA:139,0
DA:144,0
DA:149,0
DA:153,0
DA:157,0
DA:161,0
DA:166,0
DA:170,0
DA:175,0
DA:178,0
DA:179,0
DA:180,0
DA:181,0
DA:182,0
DA:183,0
DA:184,0
DA:185,0
DA:186,0
DA:187,0
DA:188,0
DA:189,0
LF:69
LH:0
BRDA:2,0,0,0
BRDA:2,0,1,0
BRDA:19,1,0,0
BRDA:19,1,1,0
BRDA:23,2,0,0
BRDA:46,3,0,0
BRDA:46,3,1,0
BRDA:49,4,0,0
BRDA:49,4,1,0
BRDA:64,5,0,0
BRDA:64,5,1,0
BRDA:64,6,0,0
BRDA:64,6,1,0
BRDA:73,7,0,0
BRDA:75,8,0,0
BRDA:75,8,1,0
BRDA:80,9,0,0
BRDA:88,10,0,0
BRF:18
BRH:0
end_of_record
TN:
SF:src/utils/helpers.js
FN:7,formatDate
FN:40,formatFileSize
FN:56,debounce
FN:58,executedFunction
FN:59,(anonymous_4)
FN:74,throttle
FN:76,(anonymous_6)
FN:80,(anonymous_7)
FN:90,deepClone
FN:100,(anonymous_9)
FN:119,generateRandomString
FN:133,isValidEmail
FN:143,isValidPhone
FN:154,getUrlParameter
FN:166,setUrlParameter
FN:178,removeUrlParameter
FN:188,isMobile
FN:196,getDeviceType
FNF:18
FNH:18
FNDA:9,formatDate
FNDA:9,formatFileSize
FNDA:3,debounce
FNDA:4,executedFunction
FNDA:3,(anonymous_4)
FNDA:3,throttle
FNDA:6,(anonymous_6)
FNDA:1,(anonymous_7)
FNDA:28,deepClone
FNDA:9,(anonymous_9)
FNDA:5,generateRandomString
FNDA:9,isValidEmail
FNDA:8,isValidPhone
FNDA:3,getUrlParameter
FNDA:2,setUrlParameter
FNDA:2,removeUrlParameter
FNDA:3,isMobile
FNDA:3,getDeviceType
DA:9,9
DA:10,2
DA:13,7
DA:15,7
DA:16,2
DA:19,5
DA:20,5
DA:21,5
DA:22,5
DA:23,5
DA:24,5
DA:26,5
DA:41,9
DA:43,8
DA:44,8
DA:45,8
DA:47,8
DA:58,3
DA:59,4
DA:60,3
DA:61,3
DA:63,4
DA:64,4
DA:76,3
DA:77,6
DA:78,4
DA:79,4
DA:80,4
DA:91,28
DA:92,16
DA:95,12
DA:96,2
DA:99,10
DA:100,9
DA:103,6
DA:104,6
DA:105,6
DA:106,10
DA:107,10
DA:110,6
DA:120,5
DA:121,5
DA:122,5
DA:123,152
DA:125,5
DA:134,9
DA:135,9
DA:144,8
DA:145,8
DA:155,3
DA:156,3
DA:167,2
DA:168,2
DA:169,2
DA:179,2
DA:180,2
DA:181,2
DA:189,3
DA:197,3
DA:199,3
DA:200,1
DA:203,2
DA:204,1
DA:207,1
LF:64
LH:64
BRDA:7,0,0,8
BRDA:9,1,0,2
BRDA:9,1,1,7
BRDA:9,2,0,9
BRDA:9,2,1,8
BRDA:9,2,2,7
BRDA:15,3,0,2
BRDA:15,3,1,5
BRDA:41,4,0,1
BRDA:41,4,1,8
BRDA:77,5,0,4
BRDA:77,5,1,2
BRDA:91,6,0,16
BRDA:91,6,1,12
BRDA:91,7,0,28
BRDA:91,7,1,27
BRDA:95,8,0,2
BRDA:95,8,1,10
BRDA:99,9,0,4
BRDA:99,9,1,6
BRDA:103,10,0,6
BRDA:103,10,1,0
BRDA:106,11,0,10
BRDA:106,11,1,0
BRDA:119,12,0,1
BRDA:154,13,0,0
BRDA:166,14,0,0
BRDA:178,15,0,0
BRDA:199,16,0,1
BRDA:199,16,1,2
BRDA:203,17,0,1
BRDA:203,17,1,1
BRF:32
BRH:27
end_of_record
TN:
SF:src/utils/intentClassifier.js
FN:50,classifyIntent
FN:64,(anonymous_1)
FN:87,(anonymous_2)
FN:97,extractEntities
FN:170,validateIntentAndEntities
FN:215,generateConfirmationMessage
FNF:6
FNH:6
FNDA:13,classifyIntent
FNDA:495,(anonymous_1)
FNDA:1,(anonymous_2)
FNDA:11,extractEntities
FNDA:8,validateIntentAndEntities
FNDA:12,generateConfirmationMessage
DA:7,1
DA:18,1
DA:51,13
DA:52,4
DA:59,9
DA:60,9
DA:63,9
DA:64,54
DA:65,495
DA:68,54
DA:69,9
DA:78,9
DA:79,1
DA:87,8
DA:88,8
DA:98,11
DA:100,11
DA:101,3
DA:104,8
DA:106,8
DA:109,3
DA:110,3
DA:111,3
DA:116,3
DA:117,3
DA:118,3
DA:119,3
DA:123,3
DA:124,2
DA:125,1
DA:126,1
DA:128,3
DA:132,1
DA:133,1
DA:134,0
DA:135,0
DA:137,1
DA:141,3
DA:142,3
DA:143,3
DA:144,3
DA:148,3
DA:149,1
DA:150,2
DA:151,1
DA:152,1
DA:153,1
DA:155,3
DA:158,1
DA:161,8
DA:171,8
DA:172,8
DA:174,8
DA:176,4
DA:177,1
DA:179,4
DA:180,1
DA:182,4
DA:183,1
DA:184,1
DA:186,4
DA:189,3
DA:190,1
DA:192,3
DA:193,1
DA:195,3
DA:198,1
DA:201,8
DA:216,12
DA:218,2
DA:221,2
DA:222,2
DA:225,1
DA:228,3
DA:229,1
DA:230,2
DA:231,1
DA:233,1
DA:237,1
DA:240,1
DA:243,2
LF:81
LH:79
BRDA:51,0,0,4
BRDA:51,0,1,9
BRDA:51,1,0,13
BRDA:51,1,1,10
BRDA:68,2,0,9
BRDA:68,2,1,45
BRDA:78,3,0,1
BRDA:78,3,1,8
BRDA:100,4,0,3
BRDA:100,4,1,8
BRDA:100,5,0,11
BRDA:100,5,1,9
BRDA:106,6,0,3
BRDA:106,6,1,1
BRDA:106,6,2,3
BRDA:106,6,3,1
BRDA:110,7,0,3
BRDA:110,7,1,0
BRDA:118,8,0,3
BRDA:118,8,1,0
BRDA:123,9,0,2
BRDA:123,9,1,1
BRDA:125,10,0,1
BRDA:125,10,1,0
BRDA:132,11,0,1
BRDA:132,11,1,0
BRDA:134,12,0,0
BRDA:134,12,1,0
BRDA:143,13,0,3
BRDA:143,13,1,0
BRDA:148,14,0,1
BRDA:148,14,1,2
BRDA:150,15,0,1
BRDA:150,15,1,1
BRDA:152,16,0,1
BRDA:152,16,1,0
BRDA:152,17,0,1
BRDA:152,17,1,0
BRDA:174,18,0,4
BRDA:174,18,1,3
BRDA:174,18,2,1
BRDA:176,19,0,1
BRDA:176,19,1,3
BRDA:176,20,0,4
BRDA:176,20,1,3
BRDA:179,21,0,1
BRDA:179,21,1,3
BRDA:182,22,0,1
BRDA:182,22,1,3
BRDA:189,23,0,1
BRDA:189,23,1,2
BRDA:189,24,0,3
BRDA:189,24,1,2
BRDA:192,25,0,1
BRDA:192,25,1,2
BRDA:192,26,0,3
BRDA:192,26,1,1
BRDA:216,27,0,2
BRDA:216,27,1,2
BRDA:216,27,2,1
BRDA:216,27,3,3
BRDA:216,27,4,1
BRDA:216,27,5,1
BRDA:216,27,6,2
BRDA:218,28,0,2
BRDA:218,28,1,1
BRDA:221,29,0,1
BRDA:221,29,1,1
BRDA:228,30,0,1
BRDA:228,30,1,2
BRDA:230,31,0,1
BRDA:230,31,1,1
BRF:72
BRH:63
end_of_record
TN:
SF:src/utils/validation.js
FN:11,validateLoginData
FN:45,validateTransferData
FN:95,validateContactData
FN:132,validateToolData
FN:189,validateString
FN:237,validateNumber
FN:291,validateSchema
FN:324,validateEmail
FN:352,validatePassword
FN:391,validateUsername
FN:419,validateRequired
FN:439,validateMinLength
FN:458,validateMaxLength
FN:477,validateForm
FNF:14
FNH:11
FNDA:11,validateLoginData
FNDA:15,validateTransferData
FNDA:12,validateContactData
FNDA:11,validateToolData
FNDA:0,validateString
FNDA:0,validateNumber
FNDA:0,validateSchema
FNDA:25,validateEmail
FNDA:19,validatePassword
FNDA:18,validateUsername
FNDA:31,validateRequired
FNDA:7,validateMinLength
FNDA:5,validateMaxLength
FNDA:8,validateForm
DA:12,11
DA:15,11
DA:16,2
DA:17,9
DA:18,1
DA:19,8
DA:20,1
DA:21,7
DA:22,1
DA:26,11
DA:27,2
DA:28,9
DA:29,1
DA:30,8
DA:31,1
DA:34,11
DA:46,15
DA:49,15
DA:50,1
DA:51,14
DA:52,1
DA:53,13
DA:54,2
DA:55,11
DA:56,1
DA:60,15
DA:61,1
DA:62,14
DA:63,1
DA:67,15
DA:68,15
DA:69,1
DA:73,15
DA:76,1
DA:77,0
DA:79,14
DA:81,1
DA:84,15
DA:96,12
DA:99,12
DA:100,1
DA:101,11
DA:102,1
DA:103,10
DA:104,1
DA:105,9
DA:106,1
DA:110,12
DA:111,1
DA:112,11
DA:113,1
DA:117,12
DA:118,1
DA:121,12
DA:133,11
DA:136,11
DA:137,2
DA:138,9
DA:139,1
DA:140,8
DA:141,1
DA:145,11
DA:146,2
DA:147,9
DA:148,1
DA:152,11
DA:153,1
DA:154,10
DA:155,2
DA:159,11
DA:160,11
DA:161,8
DA:162,3
DA:163,0
DA:167,11
DA:168,0
DA:169,0
DA:170,0
DA:173,0
DA:177,11
DA:196,0
DA:198,0
DA:201,0
DA:202,0
DA:203,0
DA:207,0
DA:208,0
DA:212,0
DA:213,0
DA:216,0
DA:217,0
DA:221,0
DA:222,0
DA:225,0
DA:243,0
DA:245,0
DA:248,0
DA:249,0
DA:250,0
DA:254,0
DA:255,0
DA:259,0
DA:260,0
DA:261,0
DA:262,0
DA:266,0
DA:267,0
DA:271,0
DA:272,0
DA:275,0
DA:276,0
DA:279,0
DA:292,0
DA:293,0
DA:295,0
DA:296,0
DA:297,0
DA:300,0
DA:301,0
DA:302,0
DA:303,0
DA:307,0
DA:308,0
DA:309,0
DA:313,0
DA:325,25
DA:327,25
DA:328,3
DA:329,3
DA:332,21
DA:333,21
DA:334,7
DA:337,21
DA:338,1
DA:341,21
DA:353,19
DA:355,19
DA:356,3
DA:357,3
DA:360,16
DA:361,5
DA:364,16
DA:365,5
DA:368,16
DA:369,2
DA:372,16
DA:373,4
DA:376,16
DA:377,5
DA:380,16
DA:392,18
DA:394,18
DA:395,3
DA:396,3
DA:399,15
DA:400,2
DA:403,15
DA:404,7
DA:407,15
DA:420,31
DA:422,31
DA:424,13
DA:427,31
DA:440,7
DA:442,7
DA:443,3
DA:446,7
DA:459,5
DA:461,5
DA:462,2
DA:465,5
DA:478,8
DA:479,8
DA:481,8
DA:482,8
DA:483,21
DA:484,21
DA:487,21
DA:488,34
DA:489,34
DA:490,33
DA:491,10
DA:492,10
DA:495,1
DA:500,21
DA:501,10
DA:502,10
DA:506,0
DA:507,0
DA:510,8
LF:190
LH:137
BRDA:15,0,0,2
BRDA:15,0,1,9
BRDA:17,1,0,1
BRDA:17,1,1,8
BRDA:19,2,0,1
BRDA:19,2,1,7
BRDA:21,3,0,1
BRDA:21,3,1,6
BRDA:26,4,0,2
BRDA:26,4,1,9
BRDA:28,5,0,1
BRDA:28,5,1,8
BRDA:30,6,0,1
BRDA:30,6,1,7
BRDA:49,7,0,1
BRDA:49,7,1,14
BRDA:49,8,0,15
BRDA:49,8,1,14
BRDA:49,8,2,14
BRDA:51,9,0,1
BRDA:51,9,1,13
BRDA:53,10,0,2
BRDA:53,10,1,11
BRDA:55,11,0,1
BRDA:55,11,1,10
BRDA:60,12,0,1
BRDA:60,12,1,14
BRDA:62,13,0,1
BRDA:62,13,1,13
BRDA:68,14,0,1
BRDA:68,14,1,14
BRDA:68,15,0,15
BRDA:68,15,1,14
BRDA:73,16,0,1
BRDA:73,16,1,14
BRDA:73,17,0,15
BRDA:73,17,1,14
BRDA:76,18,0,0
BRDA:76,18,1,1
BRDA:76,19,0,1
BRDA:76,19,1,1
BRDA:79,20,0,1
BRDA:79,20,1,13
BRDA:79,21,0,14
BRDA:79,21,1,13
BRDA:99,22,0,1
BRDA:99,22,1,11
BRDA:101,23,0,1
BRDA:101,23,1,10
BRDA:103,24,0,1
BRDA:103,24,1,9
BRDA:105,25,0,1
BRDA:105,25,1,8
BRDA:110,26,0,1
BRDA:110,26,1,11
BRDA:112,27,0,1
BRDA:112,27,1,10
BRDA:117,28,0,1
BRDA:117,28,1,11
BRDA:117,29,0,12
BRDA:117,29,1,3
BRDA:136,30,0,2
BRDA:136,30,1,9
BRDA:138,31,0,1
BRDA:138,31,1,8
BRDA:140,32,0,1
BRDA:140,32,1,7
BRDA:145,33,0,2
BRDA:145,33,1,9
BRDA:147,34,0,1
BRDA:147,34,1,8
BRDA:152,35,0,1
BRDA:152,35,1,10
BRDA:154,36,0,2
BRDA:154,36,1,8
BRDA:160,37,0,8
BRDA:160,37,1,3
BRDA:162,38,0,0
BRDA:162,38,1,3
BRDA:167,39,0,0
BRDA:167,39,1,11
BRDA:169,40,0,0
BRDA:169,40,1,0
BRDA:189,41,0,0
BRDA:191,42,0,0
BRDA:192,43,0,0
BRDA:193,44,0,0
BRDA:194,45,0,0
BRDA:195,46,0,0
BRDA:201,47,0,0
BRDA:201,47,1,0
BRDA:201,48,0,0
BRDA:201,48,1,0
BRDA:201,48,2,0
BRDA:207,49,0,0
BRDA:207,49,1,0
BRDA:207,50,0,0
BRDA:207,50,1,0
BRDA:207,50,2,0
BRDA:212,51,0,0
BRDA:212,51,1,0
BRDA:216,52,0,0
BRDA:216,52,1,0
BRDA:221,53,0,0
BRDA:221,53,1,0
BRDA:221,54,0,0
BRDA:221,54,1,0
BRDA:237,55,0,0
BRDA:239,56,0,0
BRDA:240,57,0,0
BRDA:241,58,0,0
BRDA:242,59,0,0
BRDA:248,60,0,0
BRDA:248,60,1,0
BRDA:248,61,0,0
BRDA:248,61,1,0
BRDA:248,61,2,0
BRDA:248,61,3,0
BRDA:254,62,0,0
BRDA:254,62,1,0
BRDA:254,63,0,0
BRDA:254,63,1,0
BRDA:254,63,2,0
BRDA:254,63,3,0
BRDA:260,64,0,0
BRDA:260,64,1,0
BRDA:266,65,0,0
BRDA:266,65,1,0
BRDA:266,66,0,0
BRDA:266,66,1,0
BRDA:271,67,0,0
BRDA:271,67,1,0
BRDA:275,68,0,0
BRDA:275,68,1,0
BRDA:302,69,0,0
BRDA:302,69,1,0
BRDA:307,70,0,0
BRDA:307,70,1,0
BRDA:327,71,0,3
BRDA:327,71,1,21
BRDA:327,72,0,25
BRDA:327,72,1,22
BRDA:333,73,0,7
BRDA:333,73,1,14
BRDA:337,74,0,1
BRDA:337,74,1,20
BRDA:355,75,0,3
BRDA:355,75,1,16
BRDA:355,76,0,19
BRDA:355,76,1,16
BRDA:360,77,0,5
BRDA:360,77,1,11
BRDA:364,78,0,5
BRDA:364,78,1,11
BRDA:368,79,0,2
BRDA:368,79,1,14
BRDA:372,80,0,4
BRDA:372,80,1,12
BRDA:376,81,0,5
BRDA:376,81,1,11
BRDA:394,82,0,3
BRDA:394,82,1,15
BRDA:394,83,0,18
BRDA:394,83,1,15
BRDA:399,84,0,2
BRDA:399,84,1,13
BRDA:399,85,0,15
BRDA:399,85,1,14
BRDA:403,86,0,7
BRDA:403,86,1,8
BRDA:419,87,0,30
BRDA:422,88,0,13
BRDA:422,88,1,18
BRDA:422,89,0,31
BRDA:422,89,1,30
BRDA:422,89,2,24
BRDA:422,89,3,20
BRDA:422,89,4,18
BRDA:442,90,0,3
BRDA:442,90,1,4
BRDA:442,91,0,7
BRDA:442,91,1,6
BRDA:461,92,0,2
BRDA:461,92,1,3
BRDA:461,93,0,5
BRDA:461,93,1,4
BRDA:490,94,0,10
BRDA:490,94,1,23
BRDA:500,95,0,10
BRDA:500,95,1,11
BRF:190
BRH:130
end_of_record
